<?xml version="1.0" encoding="UTF-8"?>
<coverage generated="1779507745515" clover="3.2.0">
  <project timestamp="1779507745515" name="All files">
    <metrics statements="277" coveredstatements="254" conditionals="209" coveredconditionals="152" methods="96" coveredmethods="79" elements="582" coveredelements="485" complexity="0" loc="277" ncloc="277" packages="5" files="17" classes="17"/>
    <package name="application.service">
      <metrics statements="30" coveredstatements="30" conditionals="0" coveredconditionals="0" methods="13" coveredmethods="13"/>
      <file name="interest.service.ts" path="C:\Users\daavi\OneDrive\Escritorio\ARSW\PROYECTO\peerly-user-management\src\contexts\user\application\service\interest.service.ts">
        <metrics statements="13" coveredstatements="13" conditionals="0" coveredconditionals="0" methods="6" coveredmethods="6"/>
        <line num="7" count="1" type="stmt"/>
        <line num="10" count="1" type="stmt"/>
        <line num="13" count="6" type="stmt"/>
        <line num="15" count="6" type="stmt"/>
        <line num="17" count="6" type="stmt"/>
        <line num="19" count="6" type="stmt"/>
        <line num="21" count="6" type="stmt"/>
        <line num="25" count="1" type="stmt"/>
        <line num="29" count="1" type="stmt"/>
        <line num="33" count="1" type="stmt"/>
        <line num="34" count="1" type="stmt"/>
        <line num="38" count="1" type="stmt"/>
        <line num="42" count="2" type="stmt"/>
      </file>
      <file name="user.service.ts" path="C:\Users\daavi\OneDrive\Escritorio\ARSW\PROYECTO\peerly-user-management\src\contexts\user\application\service\user.service.ts">
        <metrics statements="17" coveredstatements="17" conditionals="0" coveredconditionals="0" methods="7" coveredmethods="7"/>
        <line num="8" count="2" type="stmt"/>
        <line num="11" count="2" type="stmt"/>
        <line num="14" count="7" type="stmt"/>
        <line num="16" count="7" type="stmt"/>
        <line num="18" count="7" type="stmt"/>
        <line num="20" count="7" type="stmt"/>
        <line num="22" count="7" type="stmt"/>
        <line num="24" count="7" type="stmt"/>
        <line num="28" count="2" type="stmt"/>
        <line num="29" count="1" type="stmt"/>
        <line num="33" count="1" type="stmt"/>
        <line num="34" count="1" type="stmt"/>
        <line num="38" count="1" type="stmt"/>
        <line num="39" count="1" type="stmt"/>
        <line num="43" count="1" type="stmt"/>
        <line num="47" count="1" type="stmt"/>
        <line num="51" count="1" type="stmt"/>
      </file>
    </package>
    <package name="application.use-cases.interest">
      <metrics statements="21" coveredstatements="21" conditionals="0" coveredconditionals="0" methods="10" coveredmethods="10"/>
      <file name="create-interest-use-case.impl.ts" path="C:\Users\daavi\OneDrive\Escritorio\ARSW\PROYECTO\peerly-user-management\src\contexts\user\application\use-cases\interest\create-interest-use-case.impl.ts">
        <metrics statements="4" coveredstatements="4" conditionals="0" coveredconditionals="0" methods="2" coveredmethods="2"/>
        <line num="4" count="1" type="stmt"/>
        <line num="7" count="1" type="stmt"/>
        <line num="10" count="1" type="stmt"/>
        <line num="14" count="1" type="stmt"/>
      </file>
      <file name="delete-interest-use-case.impl.ts" path="C:\Users\daavi\OneDrive\Escritorio\ARSW\PROYECTO\peerly-user-management\src\contexts\user\application\use-cases\interest\delete-interest-use-case.impl.ts">
        <metrics statements="5" coveredstatements="5" conditionals="0" coveredconditionals="0" methods="2" coveredmethods="2"/>
        <line num="3" count="1" type="stmt"/>
        <line num="6" count="1" type="stmt"/>
        <line num="9" count="1" type="stmt"/>
        <line num="13" count="1" type="stmt"/>
        <line num="14" count="1" type="stmt"/>
      </file>
      <file name="get-all-interests-use-case.impl.ts" path="C:\Users\daavi\OneDrive\Escritorio\ARSW\PROYECTO\peerly-user-management\src\contexts\user\application\use-cases\interest\get-all-interests-use-case.impl.ts">
        <metrics statements="4" coveredstatements="4" conditionals="0" coveredconditionals="0" methods="2" coveredmethods="2"/>
        <line num="4" count="1" type="stmt"/>
        <line num="7" count="1" type="stmt"/>
        <line num="10" count="2" type="stmt"/>
        <line num="14" count="2" type="stmt"/>
      </file>
      <file name="get-interest-use-case.impl.ts" path="C:\Users\daavi\OneDrive\Escritorio\ARSW\PROYECTO\peerly-user-management\src\contexts\user\application\use-cases\interest\get-interest-use-case.impl.ts">
        <metrics statements="4" coveredstatements="4" conditionals="0" coveredconditionals="0" methods="2" coveredmethods="2"/>
        <line num="5" count="1" type="stmt"/>
        <line num="8" count="1" type="stmt"/>
        <line num="11" count="2" type="stmt"/>
        <line num="15" count="2" type="stmt"/>
      </file>
      <file name="update-interest-use-case.impl.ts" path="C:\Users\daavi\OneDrive\Escritorio\ARSW\PROYECTO\peerly-user-management\src\contexts\user\application\use-cases\interest\update-interest-use-case.impl.ts">
        <metrics statements="4" coveredstatements="4" conditionals="0" coveredconditionals="0" methods="2" coveredmethods="2"/>
        <line num="4" count="1" type="stmt"/>
        <line num="7" count="1" type="stmt"/>
        <line num="10" count="1" type="stmt"/>
        <line num="14" count="1" type="stmt"/>
      </file>
    </package>
    <package name="application.use-cases.user">
      <metrics statements="111" coveredstatements="111" conditionals="84" coveredconditionals="76" methods="40" coveredmethods="40"/>
      <file name="create-user-use-case.impl.ts" path="C:\Users\daavi\OneDrive\Escritorio\ARSW\PROYECTO\peerly-user-management\src\contexts\user\application\use-cases\user\create-user-use-case.impl.ts">
        <metrics statements="4" coveredstatements="4" conditionals="0" coveredconditionals="0" methods="2" coveredmethods="2"/>
        <line num="4" count="1" type="stmt"/>
        <line num="7" count="1" type="stmt"/>
        <line num="10" count="1" type="stmt"/>
        <line num="13" count="1" type="stmt"/>
      </file>
      <file name="delete-user-use-case.impl.ts" path="C:\Users\daavi\OneDrive\Escritorio\ARSW\PROYECTO\peerly-user-management\src\contexts\user\application\use-cases\user\delete-user-use-case.impl.ts">
        <metrics statements="5" coveredstatements="5" conditionals="0" coveredconditionals="0" methods="2" coveredmethods="2"/>
        <line num="3" count="1" type="stmt"/>
        <line num="6" count="1" type="stmt"/>
        <line num="9" count="1" type="stmt"/>
        <line num="12" count="1" type="stmt"/>
        <line num="13" count="1" type="stmt"/>
      </file>
      <file name="discover-users-use-case.impl.ts" path="C:\Users\daavi\OneDrive\Escritorio\ARSW\PROYECTO\peerly-user-management\src\contexts\user\application\use-cases\user\discover-users-use-case.impl.ts">
        <metrics statements="76" coveredstatements="76" conditionals="69" coveredconditionals="63" methods="26" coveredmethods="26"/>
        <line num="1" count="3" type="stmt"/>
        <line num="5" count="3" type="stmt"/>
        <line num="18" count="3" type="stmt"/>
        <line num="28" count="3" type="stmt"/>
        <line num="31" count="13" type="stmt"/>
        <line num="32" count="13" type="cond" truecount="3" falsecount="1"/>
        <line num="37" count="6" type="stmt"/>
        <line num="43" count="6" type="stmt"/>
        <line num="45" count="6" type="cond" truecount="2" falsecount="0"/>
        <line num="48" count="6" type="stmt"/>
        <line num="50" count="6" type="cond" truecount="2" falsecount="0"/>
        <line num="51" count="5" type="cond" truecount="2" falsecount="0"/>
        <line num="55" count="6" type="stmt"/>
        <line num="59" count="6" type="cond" truecount="3" falsecount="0"/>
        <line num="62" count="2" type="cond" truecount="2" falsecount="0"/>
        <line num="66" count="6" type="stmt"/>
        <line num="67" count="18" type="cond" truecount="2" falsecount="0"/>
        <line num="71" count="8" type="stmt"/>
        <line num="76" count="6" type="stmt"/>
        <line num="78" count="8" type="stmt"/>
        <line num="89" count="17" type="stmt"/>
        <line num="90" count="17" type="stmt"/>
        <line num="91" count="17" type="stmt"/>
        <line num="92" count="17" type="stmt"/>
        <line num="93" count="17" type="stmt"/>
        <line num="94" count="17" type="stmt"/>
        <line num="97" count="17" type="stmt"/>
        <line num="105" count="17" type="stmt"/>
        <line num="110" count="32" type="cond" truecount="2" falsecount="0"/>
        <line num="111" count="24" type="cond" truecount="1" falsecount="1"/>
        <line num="112" count="17" type="cond" truecount="4" falsecount="0"/>
        <line num="114" count="32" type="stmt"/>
        <line num="115" count="16" type="stmt"/>
        <line num="116" count="16" type="cond" truecount="1" falsecount="1"/>
        <line num="121" count="17" type="cond" truecount="2" falsecount="0"/>
        <line num="122" count="17" type="cond" truecount="1" falsecount="1"/>
        <line num="123" count="17" type="cond" truecount="4" falsecount="0"/>
        <line num="125" count="16" type="stmt"/>
        <line num="126" count="16" type="stmt"/>
        <line num="128" count="16" type="stmt"/>
        <line num="129" count="16" type="stmt"/>
        <line num="130" count="16" type="stmt"/>
        <line num="131" count="16" type="stmt"/>
        <line num="133" count="16" type="stmt"/>
        <line num="134" count="16" type="cond" truecount="2" falsecount="0"/>
        <line num="135" count="15" type="stmt"/>
        <line num="136" count="15" type="stmt"/>
        <line num="137" count="15" type="stmt"/>
        <line num="138" count="15" type="stmt"/>
        <line num="142" count="16" type="cond" truecount="1" falsecount="1"/>
        <line num="147" count="17" type="cond" truecount="2" falsecount="0"/>
        <line num="148" count="17" type="cond" truecount="3" falsecount="1"/>
        <line num="157" count="17" type="stmt"/>
        <line num="161" count="6" type="cond" truecount="3" falsecount="0"/>
        <line num="164" count="2" type="cond" truecount="2" falsecount="0"/>
        <line num="167" count="17" type="cond" truecount="4" falsecount="0"/>
        <line num="169" count="2" type="stmt"/>
        <line num="171" count="2" type="stmt"/>
        <line num="176" count="17" type="stmt"/>
        <line num="177" count="17" type="cond" truecount="4" falsecount="0"/>
        <line num="178" count="17" type="stmt"/>
        <line num="183" count="17" type="stmt"/>
        <line num="184" count="17" type="stmt"/>
        <line num="185" count="17" type="stmt"/>
        <line num="186" count="17" type="cond" truecount="4" falsecount="0"/>
        <line num="187" count="16" type="stmt"/>
        <line num="188" count="16" type="stmt"/>
        <line num="194" count="62" type="stmt"/>
        <line num="195" count="62" type="stmt"/>
        <line num="199" count="40" type="cond" truecount="2" falsecount="0"/>
        <line num="200" count="38" type="stmt"/>
        <line num="201" count="38" type="stmt"/>
        <line num="202" count="38" type="stmt"/>
        <line num="203" count="38" type="stmt"/>
        <line num="204" count="38" type="cond" truecount="5" falsecount="0"/>
        <line num="205" count="38" type="stmt"/>
      </file>
      <file name="get-all-users-use-case.impl.ts" path="C:\Users\daavi\OneDrive\Escritorio\ARSW\PROYECTO\peerly-user-management\src\contexts\user\application\use-cases\user\get-all-users-use-case.impl.ts">
        <metrics statements="4" coveredstatements="4" conditionals="0" coveredconditionals="0" methods="2" coveredmethods="2"/>
        <line num="4" count="1" type="stmt"/>
        <line num="7" count="1" type="stmt"/>
        <line num="10" count="2" type="stmt"/>
        <line num="13" count="2" type="stmt"/>
      </file>
      <file name="get-compatibility-use-case.impl.ts" path="C:\Users\daavi\OneDrive\Escritorio\ARSW\PROYECTO\peerly-user-management\src\contexts\user\application\use-cases\user\get-compatibility-use-case.impl.ts">
        <metrics statements="14" coveredstatements="14" conditionals="15" coveredconditionals="13" methods="4" coveredmethods="4"/>
        <line num="1" count="1" type="stmt"/>
        <line num="4" count="1" type="stmt"/>
        <line num="5" count="1" type="stmt"/>
        <line num="8" count="1" type="stmt"/>
        <line num="11" count="4" type="stmt"/>
        <line num="12" count="4" type="cond" truecount="6" falsecount="2"/>
        <line num="13" count="4" type="stmt"/>
        <line num="17" count="4" type="stmt"/>
        <line num="22" count="4" type="stmt"/>
        <line num="24" count="4" type="cond" truecount="2" falsecount="0"/>
        <line num="26" count="4" type="stmt"/>
        <line num="28" count="3" type="cond" truecount="3" falsecount="0"/>
        <line num="29" count="2" type="cond" truecount="2" falsecount="0"/>
        <line num="33" count="4" type="stmt"/>
      </file>
      <file name="get-user-use-case.impl.ts" path="C:\Users\daavi\OneDrive\Escritorio\ARSW\PROYECTO\peerly-user-management\src\contexts\user\application\use-cases\user\get-user-use-case.impl.ts">
        <metrics statements="4" coveredstatements="4" conditionals="0" coveredconditionals="0" methods="2" coveredmethods="2"/>
        <line num="4" count="1" type="stmt"/>
        <line num="7" count="1" type="stmt"/>
        <line num="10" count="2" type="stmt"/>
        <line num="13" count="2" type="stmt"/>
      </file>
      <file name="update-user-use-case.impl.ts" path="C:\Users\daavi\OneDrive\Escritorio\ARSW\PROYECTO\peerly-user-management\src\contexts\user\application\use-cases\user\update-user-use-case.impl.ts">
        <metrics statements="4" coveredstatements="4" conditionals="0" coveredconditionals="0" methods="2" coveredmethods="2"/>
        <line num="4" count="1" type="stmt"/>
        <line num="7" count="1" type="stmt"/>
        <line num="10" count="1" type="stmt"/>
        <line num="13" count="1" type="stmt"/>
      </file>
    </package>
    <package name="infrastructure.adapters.in.http.controllers">
      <metrics statements="88" coveredstatements="86" conditionals="101" coveredconditionals="76" methods="18" coveredmethods="16"/>
      <file name="user.controller.ts" path="C:\Users\daavi\OneDrive\Escritorio\ARSW\PROYECTO\peerly-user-management\src\contexts\user\infrastructure\adapters\in\http\controllers\user.controller.ts">
        <metrics statements="88" coveredstatements="86" conditionals="101" coveredconditionals="76" methods="18" coveredmethods="16"/>
        <line num="1" count="1" type="stmt"/>
        <line num="16" count="1" type="stmt"/>
        <line num="17" count="1" type="stmt"/>
        <line num="18" count="1" type="stmt"/>
        <line num="20" count="1" type="stmt"/>
        <line num="21" count="1" type="stmt"/>
        <line num="23" count="1" type="stmt"/>
        <line num="24" count="1" type="stmt"/>
        <line num="25" count="1" type="stmt"/>
        <line num="26" count="1" type="stmt"/>
        <line num="27" count="1" type="stmt"/>
        <line num="28" count="1" type="stmt"/>
        <line num="31" count="1" type="stmt"/>
        <line num="33" count="19" type="cond" truecount="6" falsecount="2"/>
        <line num="34" count="19" type="cond" truecount="3" falsecount="1"/>
        <line num="35" count="19" type="cond" truecount="3" falsecount="1"/>
        <line num="36" count="19" type="cond" truecount="3" falsecount="1"/>
        <line num="37" count="19" type="cond" truecount="3" falsecount="1"/>
        <line num="38" count="19" type="stmt"/>
        <line num="42" count="1" type="cond" truecount="6" falsecount="2"/>
        <line num="43" count="1" type="stmt"/>
        <line num="44" count="1" type="stmt"/>
        <line num="45" count="1" type="stmt"/>
        <line num="55" count="1" type="stmt"/>
        <line num="61" count="7" type="cond" truecount="1" falsecount="1"/>
        <line num="62" count="7" type="stmt"/>
        <line num="66" count="7" type="cond" truecount="2" falsecount="0"/>
        <line num="67" count="4" type="stmt"/>
        <line num="68" count="4" type="cond" truecount="2" falsecount="0"/>
        <line num="69" count="1" type="stmt"/>
        <line num="71" count="3" type="stmt"/>
        <line num="72" count="2" type="cond" truecount="2" falsecount="0"/>
        <line num="73" count="1" type="stmt"/>
        <line num="76" count="3" type="stmt"/>
        <line num="79" count="4" type="stmt"/>
        <line num="80" count="4" type="stmt"/>
        <line num="81" count="4" type="stmt"/>
        <line num="85" count="1" type="cond" truecount="3" falsecount="1"/>
        <line num="86" count="1" type="stmt"/>
        <line num="87" count="1" type="stmt"/>
        <line num="91" count="1" type="cond" truecount="3" falsecount="1"/>
        <line num="92" count="2" type="stmt"/>
        <line num="93" count="2" type="cond" truecount="2" falsecount="0"/>
        <line num="94" count="1" type="stmt"/>
        <line num="97" count="1" type="stmt"/>
        <line num="101" count="1" type="cond" truecount="3" falsecount="1"/>
        <line num="102" count="1" type="stmt"/>
        <line num="103" count="1" type="stmt"/>
        <line num="107" count="1" type="stmt"/>
        <line num="111" count="2" type="stmt"/>
        <line num="116" count="2" type="cond" truecount="4" falsecount="0"/>
        <line num="118" count="1" type="stmt"/>
        <line num="120" count="1" type="cond" truecount="1" falsecount="1"/>
        <line num="122" count="1" type="stmt"/>
        <line num="124" count="0" type="cond" truecount="0" falsecount="3"/>
        <line num="125" count="0" type="cond" truecount="0" falsecount="2"/>
        <line num="128" count="1" type="stmt"/>
        <line num="129" count="1" type="stmt"/>
        <line num="133" count="1" type="cond" truecount="3" falsecount="1"/>
        <line num="134" count="1" type="stmt"/>
        <line num="135" count="1" type="stmt"/>
        <line num="139" count="1" type="cond" truecount="3" falsecount="1"/>
        <line num="140" count="1" type="stmt"/>
        <line num="141" count="1" type="stmt"/>
        <line num="145" count="1" type="stmt"/>
        <line num="149" count="3" type="stmt"/>
        <line num="150" count="3" type="cond" truecount="2" falsecount="0"/>
        <line num="151" count="2" type="stmt"/>
        <line num="152" count="2" type="stmt"/>
        <line num="153" count="2" type="stmt"/>
        <line num="158" count="3" type="stmt"/>
        <line num="159" count="3" type="stmt"/>
        <line num="161" count="1" type="stmt"/>
        <line num="163" count="2" type="stmt"/>
        <line num="167" count="5" type="stmt"/>
        <line num="172" count="5" type="stmt"/>
        <line num="173" count="5" type="stmt"/>
        <line num="175" count="5" type="stmt"/>
        <line num="176" count="5" type="cond" truecount="2" falsecount="0"/>
        <line num="177" count="1" type="stmt"/>
        <line num="179" count="4" type="stmt"/>
        <line num="183" count="5" type="cond" truecount="2" falsecount="0"/>
        <line num="185" count="1" type="stmt"/>
        <line num="186" count="6" type="cond" truecount="2" falsecount="0"/>
        <line num="188" count="4" type="cond" truecount="2" falsecount="0"/>
        <line num="189" count="3" type="stmt"/>
        <line num="190" count="3" type="cond" truecount="2" falsecount="0"/>
        <line num="192" count="4" type="stmt"/>
      </file>
    </package>
    <package name="infrastructure.adapters.in.http.mapper">
      <metrics statements="27" coveredstatements="6" conditionals="24" coveredconditionals="0" methods="15" coveredmethods="0"/>
      <file name="interest-dto.mapper.ts" path="C:\Users\daavi\OneDrive\Escritorio\ARSW\PROYECTO\peerly-user-management\src\contexts\user\infrastructure\adapters\in\http\mapper\interest-dto.mapper.ts">
        <metrics statements="5" coveredstatements="0" conditionals="0" coveredconditionals="0" methods="4" coveredmethods="0"/>
        <line num="3" count="0" type="stmt"/>
        <line num="5" count="0" type="stmt"/>
        <line num="7" count="0" type="stmt"/>
        <line num="15" count="0" type="stmt"/>
        <line num="23" count="0" type="stmt"/>
      </file>
      <file name="user-dto.mapper.ts" path="C:\Users\daavi\OneDrive\Escritorio\ARSW\PROYECTO\peerly-user-management\src\contexts\user\infrastructure\adapters\in\http\mapper\user-dto.mapper.ts">
        <metrics statements="22" coveredstatements="6" conditionals="24" coveredconditionals="0" methods="11" coveredmethods="0"/>
        <line num="1" count="1" type="stmt"/>
        <line num="4" count="1" type="stmt"/>
        <line num="5" count="1" type="stmt"/>
        <line num="6" count="1" type="stmt"/>
        <line num="7" count="1" type="stmt"/>
        <line num="9" count="1" type="stmt"/>
        <line num="11" count="0" type="stmt"/>
        <line num="35" count="0" type="stmt"/>
        <line num="58" count="0" type="stmt"/>
        <line num="62" count="0" type="cond" truecount="0" falsecount="2"/>
        <line num="64" count="0" type="stmt"/>
        <line num="65" count="0" type="cond" truecount="0" falsecount="2"/>
        <line num="67" count="0" type="cond" truecount="0" falsecount="2"/>
        <line num="68" count="0" type="stmt"/>
        <line num="70" count="0" type="stmt"/>
        <line num="71" count="0" type="stmt"/>
        <line num="77" count="0" type="stmt"/>
        <line num="81" count="0" type="cond" truecount="0" falsecount="2"/>
        <line num="83" count="0" type="stmt"/>
        <line num="84" count="0" type="stmt"/>
        <line num="86" count="0" type="stmt"/>
        <line num="92" count="0" type="stmt"/>
      </file>
    </package>
  </project>
</coverage>
