{"C:\\Users\\daavi\\OneDrive\\Escritorio\\ARSW\\PROYECTO\\peerly-user-management\\src\\contexts\\user\\application\\service\\interest.service.ts": {"path":"C:\\Users\\daavi\\OneDrive\\Escritorio\\ARSW\\PROYECTO\\peerly-user-management\\src\\contexts\\user\\application\\service\\interest.service.ts","statementMap":{"0":{"start":{"line":7,"column":0},"end":{"line":7,"column":52}},"1":{"start":{"line":10,"column":7},"end":{"line":44,"column":null}},"2":{"start":{"line":13,"column":12},"end":{"line":13,"column":56}},"3":{"start":{"line":15,"column":12},"end":{"line":15,"column":55}},"4":{"start":{"line":17,"column":12},"end":{"line":17,"column":56}},"5":{"start":{"line":19,"column":12},"end":{"line":19,"column":50}},"6":{"start":{"line":21,"column":12},"end":{"line":21,"column":58}},"7":{"start":{"line":25,"column":4},"end":{"line":25,"column":69}},"8":{"start":{"line":29,"column":4},"end":{"line":29,"column":72}},"9":{"start":{"line":33,"column":4},"end":{"line":33,"column":60}},"10":{"start":{"line":34,"column":4},"end":{"line":34,"column":29}},"11":{"start":{"line":38,"column":4},"end":{"line":38,"column":61}},"12":{"start":{"line":42,"column":4},"end":{"line":42,"column":63}},"13":{"start":{"line":10,"column":13},"end":{"line":10,"column":28}},"14":{"start":{"line":10,"column":13},"end":{"line":44,"column":null}}},"fnMap":{"0":{"name":"(anonymous_4)","decl":{"start":{"line":11,"column":2},"end":{"line":11,"column":null}},"loc":{"start":{"line":21,"column":58},"end":{"line":22,"column":7}}},"1":{"name":"(anonymous_5)","decl":{"start":{"line":24,"column":2},"end":{"line":24,"column":7}},"loc":{"start":{"line":24,"column":41},"end":{"line":26,"column":3}}},"2":{"name":"(anonymous_6)","decl":{"start":{"line":28,"column":2},"end":{"line":28,"column":7}},"loc":{"start":{"line":28,"column":53},"end":{"line":30,"column":3}}},"3":{"name":"(anonymous_7)","decl":{"start":{"line":32,"column":2},"end":{"line":32,"column":7}},"loc":{"start":{"line":32,"column":37},"end":{"line":35,"column":3}}},"4":{"name":"(anonymous_8)","decl":{"start":{"line":37,"column":2},"end":{"line":37,"column":7}},"loc":{"start":{"line":37,"column":34},"end":{"line":39,"column":3}}},"5":{"name":"(anonymous_9)","decl":{"start":{"line":41,"column":2},"end":{"line":41,"column":7}},"loc":{"start":{"line":41,"column":23},"end":{"line":43,"column":3}}}},"branchMap":{},"s":{"0":1,"1":1,"2":6,"3":6,"4":6,"5":6,"6":6,"7":1,"8":1,"9":1,"10":1,"11":1,"12":2,"13":1,"14":1},"f":{"0":6,"1":1,"2":1,"3":1,"4":1,"5":2},"b":{}}
,"C:\\Users\\daavi\\OneDrive\\Escritorio\\ARSW\\PROYECTO\\peerly-user-management\\src\\contexts\\user\\application\\service\\user.service.ts": {"path":"C:\\Users\\daavi\\OneDrive\\Escritorio\\ARSW\\PROYECTO\\peerly-user-management\\src\\contexts\\user\\application\\service\\user.service.ts","statementMap":{"0":{"start":{"line":8,"column":0},"end":{"line":8,"column":52}},"1":{"start":{"line":11,"column":7},"end":{"line":53,"column":null}},"2":{"start":{"line":14,"column":12},"end":{"line":14,"column":48}},"3":{"start":{"line":16,"column":12},"end":{"line":16,"column":48}},"4":{"start":{"line":18,"column":12},"end":{"line":18,"column":48}},"5":{"start":{"line":20,"column":12},"end":{"line":20,"column":42}},"6":{"start":{"line":22,"column":12},"end":{"line":22,"column":50}},"7":{"start":{"line":24,"column":12},"end":{"line":24,"column":54}},"8":{"start":{"line":28,"column":4},"end":{"line":28,"column":23}},"9":{"start":{"line":29,"column":4},"end":{"line":29,"column":57}},"10":{"start":{"line":33,"column":4},"end":{"line":33,"column":23}},"11":{"start":{"line":34,"column":4},"end":{"line":34,"column":61}},"12":{"start":{"line":38,"column":4},"end":{"line":38,"column":52}},"13":{"start":{"line":39,"column":4},"end":{"line":39,"column":29}},"14":{"start":{"line":43,"column":4},"end":{"line":43,"column":53}},"15":{"start":{"line":47,"column":4},"end":{"line":47,"column":55}},"16":{"start":{"line":51,"column":4},"end":{"line":51,"column":65}},"17":{"start":{"line":11,"column":13},"end":{"line":11,"column":24}},"18":{"start":{"line":11,"column":13},"end":{"line":53,"column":null}}},"fnMap":{"0":{"name":"(anonymous_4)","decl":{"start":{"line":12,"column":2},"end":{"line":12,"column":null}},"loc":{"start":{"line":24,"column":54},"end":{"line":25,"column":7}}},"1":{"name":"(anonymous_5)","decl":{"start":{"line":27,"column":2},"end":{"line":27,"column":7}},"loc":{"start":{"line":27,"column":29},"end":{"line":30,"column":3}}},"2":{"name":"(anonymous_6)","decl":{"start":{"line":32,"column":2},"end":{"line":32,"column":7}},"loc":{"start":{"line":32,"column":41},"end":{"line":35,"column":3}}},"3":{"name":"(anonymous_7)","decl":{"start":{"line":37,"column":2},"end":{"line":37,"column":7}},"loc":{"start":{"line":37,"column":33},"end":{"line":40,"column":3}}},"4":{"name":"(anonymous_8)","decl":{"start":{"line":42,"column":2},"end":{"line":42,"column":7}},"loc":{"start":{"line":42,"column":30},"end":{"line":44,"column":3}}},"5":{"name":"(anonymous_9)","decl":{"start":{"line":46,"column":2},"end":{"line":46,"column":7}},"loc":{"start":{"line":46,"column":19},"end":{"line":48,"column":3}}},"6":{"name":"(anonymous_10)","decl":{"start":{"line":50,"column":2},"end":{"line":50,"column":7}},"loc":{"start":{"line":50,"column":36},"end":{"line":52,"column":3}}}},"branchMap":{},"s":{"0":2,"1":2,"2":7,"3":7,"4":7,"5":7,"6":7,"7":7,"8":2,"9":1,"10":1,"11":1,"12":1,"13":1,"14":1,"15":1,"16":1,"17":2,"18":2},"f":{"0":7,"1":2,"2":1,"3":1,"4":1,"5":1,"6":1},"b":{}}
,"C:\\Users\\daavi\\OneDrive\\Escritorio\\ARSW\\PROYECTO\\peerly-user-management\\src\\contexts\\user\\application\\use-cases\\interest\\create-interest-use-case.impl.ts": {"path":"C:\\Users\\daavi\\OneDrive\\Escritorio\\ARSW\\PROYECTO\\peerly-user-management\\src\\contexts\\user\\application\\use-cases\\interest\\create-interest-use-case.impl.ts","statementMap":{"0":{"start":{"line":4,"column":0},"end":{"line":4,"column":52}},"1":{"start":{"line":7,"column":7},"end":{"line":16,"column":null}},"2":{"start":{"line":10,"column":12},"end":{"line":10,"column":61}},"3":{"start":{"line":14,"column":4},"end":{"line":14,"column":60}},"4":{"start":{"line":7,"column":13},"end":{"line":7,"column":38}},"5":{"start":{"line":7,"column":13},"end":{"line":16,"column":null}}},"fnMap":{"0":{"name":"(anonymous_4)","decl":{"start":{"line":8,"column":2},"end":{"line":8,"column":null}},"loc":{"start":{"line":10,"column":61},"end":{"line":11,"column":7}}},"1":{"name":"(anonymous_5)","decl":{"start":{"line":13,"column":2},"end":{"line":13,"column":7}},"loc":{"start":{"line":13,"column":41},"end":{"line":15,"column":3}}}},"branchMap":{},"s":{"0":1,"1":1,"2":1,"3":1,"4":1,"5":1},"f":{"0":1,"1":1},"b":{}}
,"C:\\Users\\daavi\\OneDrive\\Escritorio\\ARSW\\PROYECTO\\peerly-user-management\\src\\contexts\\user\\application\\use-cases\\interest\\delete-interest-use-case.impl.ts": {"path":"C:\\Users\\daavi\\OneDrive\\Escritorio\\ARSW\\PROYECTO\\peerly-user-management\\src\\contexts\\user\\application\\use-cases\\interest\\delete-interest-use-case.impl.ts","statementMap":{"0":{"start":{"line":3,"column":0},"end":{"line":3,"column":52}},"1":{"start":{"line":6,"column":7},"end":{"line":16,"column":null}},"2":{"start":{"line":9,"column":12},"end":{"line":9,"column":61}},"3":{"start":{"line":13,"column":4},"end":{"line":13,"column":53}},"4":{"start":{"line":14,"column":4},"end":{"line":14,"column":29}},"5":{"start":{"line":6,"column":13},"end":{"line":6,"column":38}},"6":{"start":{"line":6,"column":13},"end":{"line":16,"column":null}}},"fnMap":{"0":{"name":"(anonymous_4)","decl":{"start":{"line":7,"column":2},"end":{"line":7,"column":null}},"loc":{"start":{"line":9,"column":61},"end":{"line":10,"column":7}}},"1":{"name":"(anonymous_5)","decl":{"start":{"line":12,"column":2},"end":{"line":12,"column":7}},"loc":{"start":{"line":12,"column":37},"end":{"line":15,"column":3}}}},"branchMap":{},"s":{"0":1,"1":1,"2":1,"3":1,"4":1,"5":1,"6":1},"f":{"0":1,"1":1},"b":{}}
,"C:\\Users\\daavi\\OneDrive\\Escritorio\\ARSW\\PROYECTO\\peerly-user-management\\src\\contexts\\user\\application\\use-cases\\interest\\get-all-interests-use-case.impl.ts": {"path":"C:\\Users\\daavi\\OneDrive\\Escritorio\\ARSW\\PROYECTO\\peerly-user-management\\src\\contexts\\user\\application\\use-cases\\interest\\get-all-interests-use-case.impl.ts","statementMap":{"0":{"start":{"line":4,"column":0},"end":{"line":4,"column":52}},"1":{"start":{"line":7,"column":7},"end":{"line":16,"column":null}},"2":{"start":{"line":10,"column":12},"end":{"line":10,"column":61}},"3":{"start":{"line":14,"column":4},"end":{"line":14,"column":55}},"4":{"start":{"line":7,"column":13},"end":{"line":7,"column":39}},"5":{"start":{"line":7,"column":13},"end":{"line":16,"column":null}}},"fnMap":{"0":{"name":"(anonymous_4)","decl":{"start":{"line":8,"column":2},"end":{"line":8,"column":null}},"loc":{"start":{"line":10,"column":61},"end":{"line":11,"column":7}}},"1":{"name":"(anonymous_5)","decl":{"start":{"line":13,"column":2},"end":{"line":13,"column":7}},"loc":{"start":{"line":13,"column":23},"end":{"line":15,"column":3}}}},"branchMap":{},"s":{"0":1,"1":1,"2":2,"3":2,"4":1,"5":1},"f":{"0":2,"1":2},"b":{}}
,"C:\\Users\\daavi\\OneDrive\\Escritorio\\ARSW\\PROYECTO\\peerly-user-management\\src\\contexts\\user\\application\\use-cases\\interest\\get-interest-use-case.impl.ts": {"path":"C:\\Users\\daavi\\OneDrive\\Escritorio\\ARSW\\PROYECTO\\peerly-user-management\\src\\contexts\\user\\application\\use-cases\\interest\\get-interest-use-case.impl.ts","statementMap":{"0":{"start":{"line":5,"column":0},"end":{"line":5,"column":52}},"1":{"start":{"line":8,"column":7},"end":{"line":17,"column":null}},"2":{"start":{"line":11,"column":12},"end":{"line":11,"column":61}},"3":{"start":{"line":15,"column":4},"end":{"line":15,"column":58}},"4":{"start":{"line":8,"column":13},"end":{"line":8,"column":35}},"5":{"start":{"line":8,"column":13},"end":{"line":17,"column":null}}},"fnMap":{"0":{"name":"(anonymous_4)","decl":{"start":{"line":9,"column":2},"end":{"line":9,"column":null}},"loc":{"start":{"line":11,"column":61},"end":{"line":12,"column":7}}},"1":{"name":"(anonymous_5)","decl":{"start":{"line":14,"column":2},"end":{"line":14,"column":7}},"loc":{"start":{"line":14,"column":34},"end":{"line":16,"column":3}}}},"branchMap":{},"s":{"0":1,"1":1,"2":2,"3":2,"4":1,"5":1},"f":{"0":2,"1":2},"b":{}}
,"C:\\Users\\daavi\\OneDrive\\Escritorio\\ARSW\\PROYECTO\\peerly-user-management\\src\\contexts\\user\\application\\use-cases\\interest\\update-interest-use-case.impl.ts": {"path":"C:\\Users\\daavi\\OneDrive\\Escritorio\\ARSW\\PROYECTO\\peerly-user-management\\src\\contexts\\user\\application\\use-cases\\interest\\update-interest-use-case.impl.ts","statementMap":{"0":{"start":{"line":4,"column":0},"end":{"line":4,"column":52}},"1":{"start":{"line":7,"column":7},"end":{"line":16,"column":null}},"2":{"start":{"line":10,"column":12},"end":{"line":10,"column":61}},"3":{"start":{"line":14,"column":4},"end":{"line":14,"column":66}},"4":{"start":{"line":7,"column":13},"end":{"line":7,"column":38}},"5":{"start":{"line":7,"column":13},"end":{"line":16,"column":null}}},"fnMap":{"0":{"name":"(anonymous_4)","decl":{"start":{"line":8,"column":2},"end":{"line":8,"column":null}},"loc":{"start":{"line":10,"column":61},"end":{"line":11,"column":7}}},"1":{"name":"(anonymous_5)","decl":{"start":{"line":13,"column":2},"end":{"line":13,"column":7}},"loc":{"start":{"line":13,"column":53},"end":{"line":15,"column":3}}}},"branchMap":{},"s":{"0":1,"1":1,"2":1,"3":1,"4":1,"5":1},"f":{"0":1,"1":1},"b":{}}
,"C:\\Users\\daavi\\OneDrive\\Escritorio\\ARSW\\PROYECTO\\peerly-user-management\\src\\contexts\\user\\application\\use-cases\\user\\create-user-use-case.impl.ts": {"path":"C:\\Users\\daavi\\OneDrive\\Escritorio\\ARSW\\PROYECTO\\peerly-user-management\\src\\contexts\\user\\application\\use-cases\\user\\create-user-use-case.impl.ts","statementMap":{"0":{"start":{"line":4,"column":0},"end":{"line":4,"column":52}},"1":{"start":{"line":7,"column":7},"end":{"line":15,"column":null}},"2":{"start":{"line":10,"column":12},"end":{"line":10,"column":56}},"3":{"start":{"line":13,"column":4},"end":{"line":13,"column":55}},"4":{"start":{"line":7,"column":13},"end":{"line":7,"column":34}},"5":{"start":{"line":7,"column":13},"end":{"line":15,"column":null}}},"fnMap":{"0":{"name":"(anonymous_4)","decl":{"start":{"line":8,"column":2},"end":{"line":8,"column":null}},"loc":{"start":{"line":10,"column":56},"end":{"line":10,"column":61}}},"1":{"name":"(anonymous_5)","decl":{"start":{"line":12,"column":2},"end":{"line":12,"column":7}},"loc":{"start":{"line":12,"column":29},"end":{"line":14,"column":3}}}},"branchMap":{},"s":{"0":1,"1":1,"2":1,"3":1,"4":1,"5":1},"f":{"0":1,"1":1},"b":{}}
,"C:\\Users\\daavi\\OneDrive\\Escritorio\\ARSW\\PROYECTO\\peerly-user-management\\src\\contexts\\user\\application\\use-cases\\user\\delete-user-use-case.impl.ts": {"path":"C:\\Users\\daavi\\OneDrive\\Escritorio\\ARSW\\PROYECTO\\peerly-user-management\\src\\contexts\\user\\application\\use-cases\\user\\delete-user-use-case.impl.ts","statementMap":{"0":{"start":{"line":3,"column":0},"end":{"line":3,"column":52}},"1":{"start":{"line":6,"column":7},"end":{"line":15,"column":null}},"2":{"start":{"line":9,"column":12},"end":{"line":9,"column":56}},"3":{"start":{"line":12,"column":4},"end":{"line":12,"column":52}},"4":{"start":{"line":13,"column":4},"end":{"line":13,"column":29}},"5":{"start":{"line":6,"column":13},"end":{"line":6,"column":34}},"6":{"start":{"line":6,"column":13},"end":{"line":15,"column":null}}},"fnMap":{"0":{"name":"(anonymous_4)","decl":{"start":{"line":7,"column":2},"end":{"line":7,"column":null}},"loc":{"start":{"line":9,"column":56},"end":{"line":9,"column":61}}},"1":{"name":"(anonymous_5)","decl":{"start":{"line":11,"column":2},"end":{"line":11,"column":7}},"loc":{"start":{"line":11,"column":33},"end":{"line":14,"column":3}}}},"branchMap":{},"s":{"0":1,"1":1,"2":1,"3":1,"4":1,"5":1,"6":1},"f":{"0":1,"1":1},"b":{}}
,"C:\\Users\\daavi\\OneDrive\\Escritorio\\ARSW\\PROYECTO\\peerly-user-management\\src\\contexts\\user\\application\\use-cases\\user\\discover-users-use-case.impl.ts": {"path":"C:\\Users\\daavi\\OneDrive\\Escritorio\\ARSW\\PROYECTO\\peerly-user-management\\src\\contexts\\user\\application\\use-cases\\user\\discover-users-use-case.impl.ts","statementMap":{"0":{"start":{"line":1,"column":0},"end":{"line":1,"column":52}},"1":{"start":{"line":5,"column":0},"end":{"line":5,"column":134}},"2":{"start":{"line":18,"column":16},"end":{"line":25,"column":2}},"3":{"start":{"line":28,"column":7},"end":{"line":207,"column":null}},"4":{"start":{"line":31,"column":21},"end":{"line":31,"column":52}},"5":{"start":{"line":32,"column":21},"end":{"line":32,"column":39}},"6":{"start":{"line":37,"column":27},"end":{"line":40,"column":6}},"7":{"start":{"line":43,"column":32},"end":{"line":43,"column":79}},"8":{"start":{"line":45,"column":6},"end":{"line":45,"column":43}},"9":{"start":{"line":48,"column":25},"end":{"line":51,"column":null}},"10":{"start":{"line":50,"column":21},"end":{"line":50,"column":72}},"11":{"start":{"line":51,"column":18},"end":{"line":51,"column":73}},"12":{"start":{"line":55,"column":24},"end":{"line":62,"column":null}},"13":{"start":{"line":59,"column":12},"end":{"line":60,"column":65}},"14":{"start":{"line":62,"column":18},"end":{"line":62,"column":73}},"15":{"start":{"line":66,"column":23},"end":{"line":67,"column":null}},"16":{"start":{"line":67,"column":11},"end":{"line":67,"column":53}},"17":{"start":{"line":71,"column":19},"end":{"line":74,"column":7}},"18":{"start":{"line":71,"column":48},"end":{"line":74,"column":6}},"19":{"start":{"line":76,"column":4},"end":{"line":76,"column":45}},"20":{"start":{"line":76,"column":26},"end":{"line":76,"column":43}},"21":{"start":{"line":78,"column":4},"end":{"line":78,"column":35}},"22":{"start":{"line":78,"column":27},"end":{"line":78,"column":33}},"23":{"start":{"line":89,"column":27},"end":{"line":89,"column":57}},"24":{"start":{"line":90,"column":30},"end":{"line":90,"column":63}},"25":{"start":{"line":91,"column":24},"end":{"line":91,"column":51}},"26":{"start":{"line":92,"column":24},"end":{"line":92,"column":86}},"27":{"start":{"line":93,"column":26},"end":{"line":93,"column":55}},"28":{"start":{"line":94,"column":21},"end":{"line":94,"column":45}},"29":{"start":{"line":97,"column":6},"end":{"line":102,"column":28}},"30":{"start":{"line":105,"column":4},"end":{"line":105,"column":33}},"31":{"start":{"line":110,"column":18},"end":{"line":110,"column":62}},"32":{"start":{"line":110,"column":56},"end":{"line":110,"column":60}},"33":{"start":{"line":111,"column":21},"end":{"line":111,"column":68}},"34":{"start":{"line":111,"column":62},"end":{"line":111,"column":66}},"35":{"start":{"line":112,"column":4},"end":{"line":112,"column":58}},"36":{"start":{"line":112,"column":49},"end":{"line":112,"column":58}},"37":{"start":{"line":114,"column":25},"end":{"line":114,"column":73}},"38":{"start":{"line":114,"column":49},"end":{"line":114,"column":65}},"39":{"start":{"line":115,"column":18},"end":{"line":115,"column":55}},"40":{"start":{"line":116,"column":4},"end":{"line":116,"column":50}},"41":{"start":{"line":121,"column":20},"end":{"line":121,"column":45}},"42":{"start":{"line":122,"column":23},"end":{"line":122,"column":51}},"43":{"start":{"line":123,"column":4},"end":{"line":123,"column":66}},"44":{"start":{"line":123,"column":57},"end":{"line":123,"column":66}},"45":{"start":{"line":125,"column":25},"end":{"line":125,"column":26}},"46":{"start":{"line":126,"column":23},"end":{"line":126,"column":24}},"47":{"start":{"line":128,"column":4},"end":{"line":140,"column":5}},"48":{"start":{"line":129,"column":22},"end":{"line":129,"column":53}},"49":{"start":{"line":130,"column":20},"end":{"line":130,"column":49}},"50":{"start":{"line":131,"column":6},"end":{"line":131,"column":38}},"51":{"start":{"line":133,"column":6},"end":{"line":139,"column":7}},"52":{"start":{"line":134,"column":8},"end":{"line":134,"column":69}},"53":{"start":{"line":134,"column":60},"end":{"line":134,"column":69}},"54":{"start":{"line":135,"column":27},"end":{"line":135,"column":61}},"55":{"start":{"line":136,"column":25},"end":{"line":136,"column":57}},"56":{"start":{"line":137,"column":24},"end":{"line":137,"column":94}},"57":{"start":{"line":138,"column":8},"end":{"line":138,"column":34}},"58":{"start":{"line":142,"column":4},"end":{"line":142,"column":79}},"59":{"start":{"line":147,"column":23},"end":{"line":147,"column":49}},"60":{"start":{"line":148,"column":4},"end":{"line":148,"column":71}},"61":{"start":{"line":148,"column":44},"end":{"line":148,"column":61}},"62":{"start":{"line":157,"column":27},"end":{"line":164,"column":null}},"63":{"start":{"line":161,"column":12},"end":{"line":162,"column":67}},"64":{"start":{"line":164,"column":18},"end":{"line":164,"column":74}},"65":{"start":{"line":167,"column":4},"end":{"line":167,"column":70}},"66":{"start":{"line":167,"column":61},"end":{"line":167,"column":70}},"67":{"start":{"line":169,"column":19},"end":{"line":169,"column":79}},"68":{"start":{"line":169,"column":49},"end":{"line":169,"column":71}},"69":{"start":{"line":171,"column":4},"end":{"line":171,"column":81}},"70":{"start":{"line":176,"column":21},"end":{"line":176,"column":22}},"71":{"start":{"line":177,"column":17},"end":{"line":177,"column":69}},"72":{"start":{"line":178,"column":4},"end":{"line":178,"column":44}},"73":{"start":{"line":183,"column":21},"end":{"line":183,"column":23}},"74":{"start":{"line":184,"column":18},"end":{"line":184,"column":43}},"75":{"start":{"line":185,"column":21},"end":{"line":185,"column":49}},"76":{"start":{"line":186,"column":4},"end":{"line":186,"column":54}},"77":{"start":{"line":186,"column":45},"end":{"line":186,"column":54}},"78":{"start":{"line":187,"column":17},"end":{"line":187,"column":43}},"79":{"start":{"line":188,"column":4},"end":{"line":188,"column":44}},"80":{"start":{"line":194,"column":14},"end":{"line":194,"column":28}},"81":{"start":{"line":195,"column":4},"end":{"line":195,"column":52}},"82":{"start":{"line":199,"column":4},"end":{"line":199,"column":32}},"83":{"start":{"line":199,"column":20},"end":{"line":199,"column":32}},"84":{"start":{"line":200,"column":18},"end":{"line":200,"column":28}},"85":{"start":{"line":201,"column":18},"end":{"line":201,"column":37}},"86":{"start":{"line":202,"column":14},"end":{"line":202,"column":55}},"87":{"start":{"line":203,"column":14},"end":{"line":203,"column":49}},"88":{"start":{"line":204,"column":4},"end":{"line":204,"column":71}},"89":{"start":{"line":204,"column":65},"end":{"line":204,"column":71}},"90":{"start":{"line":205,"column":4},"end":{"line":205,"column":15}},"91":{"start":{"line":28,"column":13},"end":{"line":28,"column":37}},"92":{"start":{"line":28,"column":13},"end":{"line":207,"column":null}}},"fnMap":{"0":{"name":"(anonymous_4)","decl":{"start":{"line":29,"column":2},"end":{"line":29,"column":null}},"loc":{"start":{"line":32,"column":71},"end":{"line":33,"column":6}}},"1":{"name":"(anonymous_5)","decl":{"start":{"line":35,"column":2},"end":{"line":35,"column":7}},"loc":{"start":{"line":35,"column":36},"end":{"line":79,"column":3}}},"2":{"name":"(anonymous_6)","decl":{"start":{"line":50,"column":16},"end":{"line":50,"column":17}},"loc":{"start":{"line":50,"column":21},"end":{"line":50,"column":72}}},"3":{"name":"(anonymous_7)","decl":{"start":{"line":51,"column":13},"end":{"line":51,"column":14}},"loc":{"start":{"line":51,"column":18},"end":{"line":51,"column":73}}},"4":{"name":"(anonymous_8)","decl":{"start":{"line":58,"column":10},"end":{"line":58,"column":11}},"loc":{"start":{"line":59,"column":12},"end":{"line":60,"column":65}}},"5":{"name":"(anonymous_9)","decl":{"start":{"line":62,"column":13},"end":{"line":62,"column":14}},"loc":{"start":{"line":62,"column":18},"end":{"line":62,"column":73}}},"6":{"name":"(anonymous_10)","decl":{"start":{"line":67,"column":6},"end":{"line":67,"column":7}},"loc":{"start":{"line":67,"column":11},"end":{"line":67,"column":53}}},"7":{"name":"(anonymous_11)","decl":{"start":{"line":71,"column":34},"end":{"line":71,"column":43}},"loc":{"start":{"line":71,"column":48},"end":{"line":74,"column":6}}},"8":{"name":"(anonymous_12)","decl":{"start":{"line":76,"column":16},"end":{"line":76,"column":17}},"loc":{"start":{"line":76,"column":26},"end":{"line":76,"column":43}}},"9":{"name":"(anonymous_13)","decl":{"start":{"line":78,"column":22},"end":{"line":78,"column":23}},"loc":{"start":{"line":78,"column":27},"end":{"line":78,"column":33}}},"10":{"name":"(anonymous_14)","decl":{"start":{"line":83,"column":2},"end":{"line":83,"column":24}},"loc":{"start":{"line":87,"column":86},"end":{"line":106,"column":3}}},"11":{"name":"(anonymous_15)","decl":{"start":{"line":109,"column":10},"end":{"line":109,"column":24}},"loc":{"start":{"line":109,"column":46},"end":{"line":117,"column":3}}},"12":{"name":"(anonymous_16)","decl":{"start":{"line":110,"column":51},"end":{"line":110,"column":52}},"loc":{"start":{"line":110,"column":56},"end":{"line":110,"column":60}}},"13":{"name":"(anonymous_17)","decl":{"start":{"line":111,"column":57},"end":{"line":111,"column":58}},"loc":{"start":{"line":111,"column":62},"end":{"line":111,"column":66}}},"14":{"name":"(anonymous_18)","decl":{"start":{"line":114,"column":43},"end":{"line":114,"column":45}},"loc":{"start":{"line":114,"column":49},"end":{"line":114,"column":65}}},"15":{"name":"(anonymous_19)","decl":{"start":{"line":120,"column":10},"end":{"line":120,"column":27}},"loc":{"start":{"line":120,"column":49},"end":{"line":143,"column":3}}},"16":{"name":"(anonymous_20)","decl":{"start":{"line":146,"column":10},"end":{"line":146,"column":21}},"loc":{"start":{"line":146,"column":43},"end":{"line":149,"column":3}}},"17":{"name":"(anonymous_21)","decl":{"start":{"line":148,"column":39},"end":{"line":148,"column":40}},"loc":{"start":{"line":148,"column":44},"end":{"line":148,"column":61}}},"18":{"name":"(anonymous_22)","decl":{"start":{"line":152,"column":10},"end":{"line":152,"column":28}},"loc":{"start":{"line":155,"column":86},"end":{"line":172,"column":3}}},"19":{"name":"(anonymous_23)","decl":{"start":{"line":160,"column":10},"end":{"line":160,"column":11}},"loc":{"start":{"line":161,"column":12},"end":{"line":162,"column":67}}},"20":{"name":"(anonymous_24)","decl":{"start":{"line":164,"column":13},"end":{"line":164,"column":14}},"loc":{"start":{"line":164,"column":18},"end":{"line":164,"column":74}}},"21":{"name":"(anonymous_25)","decl":{"start":{"line":169,"column":43},"end":{"line":169,"column":45}},"loc":{"start":{"line":169,"column":49},"end":{"line":169,"column":71}}},"22":{"name":"(anonymous_26)","decl":{"start":{"line":175,"column":10},"end":{"line":175,"column":23}},"loc":{"start":{"line":175,"column":45},"end":{"line":179,"column":3}}},"23":{"name":"(anonymous_27)","decl":{"start":{"line":182,"column":10},"end":{"line":182,"column":18}},"loc":{"start":{"line":182,"column":40},"end":{"line":189,"column":3}}},"24":{"name":"(anonymous_28)","decl":{"start":{"line":193,"column":10},"end":{"line":193,"column":19}},"loc":{"start":{"line":193,"column":30},"end":{"line":196,"column":3}}},"25":{"name":"(anonymous_29)","decl":{"start":{"line":198,"column":10},"end":{"line":198,"column":16}},"loc":{"start":{"line":198,"column":51},"end":{"line":206,"column":3}}}},"branchMap":{"0":{"loc":{"start":{"line":45,"column":6},"end":{"line":45,"column":43}},"type":"binary-expr","locations":[{"start":{"line":45,"column":6},"end":{"line":45,"column":37}},{"start":{"line":45,"column":41},"end":{"line":45,"column":43}}]},"1":{"loc":{"start":{"line":50,"column":21},"end":{"line":50,"column":72}},"type":"binary-expr","locations":[{"start":{"line":50,"column":21},"end":{"line":50,"column":45}},{"start":{"line":50,"column":49},"end":{"line":50,"column":72}}]},"2":{"loc":{"start":{"line":51,"column":18},"end":{"line":51,"column":73}},"type":"cond-expr","locations":[{"start":{"line":51,"column":45},"end":{"line":51,"column":57}},{"start":{"line":51,"column":60},"end":{"line":51,"column":73}}]},"3":{"loc":{"start":{"line":59,"column":12},"end":{"line":60,"column":65}},"type":"binary-expr","locations":[{"start":{"line":59,"column":12},"end":{"line":59,"column":35}},{"start":{"line":60,"column":13},"end":{"line":60,"column":37}},{"start":{"line":60,"column":41},"end":{"line":60,"column":64}}]},"4":{"loc":{"start":{"line":62,"column":18},"end":{"line":62,"column":73}},"type":"cond-expr","locations":[{"start":{"line":62,"column":45},"end":{"line":62,"column":57}},{"start":{"line":62,"column":60},"end":{"line":62,"column":73}}]},"5":{"loc":{"start":{"line":67,"column":11},"end":{"line":67,"column":53}},"type":"binary-expr","locations":[{"start":{"line":67,"column":11},"end":{"line":67,"column":26}},{"start":{"line":67,"column":30},"end":{"line":67,"column":53}}]},"6":{"loc":{"start":{"line":110,"column":27},"end":{"line":110,"column":45}},"type":"binary-expr","locations":[{"start":{"line":110,"column":27},"end":{"line":110,"column":39}},{"start":{"line":110,"column":43},"end":{"line":110,"column":45}}]},"7":{"loc":{"start":{"line":111,"column":30},"end":{"line":111,"column":51}},"type":"binary-expr","locations":[{"start":{"line":111,"column":30},"end":{"line":111,"column":45}},{"start":{"line":111,"column":49},"end":{"line":111,"column":51}}]},"8":{"loc":{"start":{"line":112,"column":4},"end":{"line":112,"column":58}},"type":"if","locations":[{"start":{"line":112,"column":4},"end":{"line":112,"column":58}},{"start":{},"end":{}}]},"9":{"loc":{"start":{"line":112,"column":8},"end":{"line":112,"column":47}},"type":"binary-expr","locations":[{"start":{"line":112,"column":8},"end":{"line":112,"column":24}},{"start":{"line":112,"column":28},"end":{"line":112,"column":47}}]},"10":{"loc":{"start":{"line":116,"column":11},"end":{"line":116,"column":49}},"type":"cond-expr","locations":[{"start":{"line":116,"column":25},"end":{"line":116,"column":26}},{"start":{"line":116,"column":29},"end":{"line":116,"column":49}}]},"11":{"loc":{"start":{"line":121,"column":20},"end":{"line":121,"column":45}},"type":"binary-expr","locations":[{"start":{"line":121,"column":20},"end":{"line":121,"column":39}},{"start":{"line":121,"column":43},"end":{"line":121,"column":45}}]},"12":{"loc":{"start":{"line":122,"column":23},"end":{"line":122,"column":51}},"type":"binary-expr","locations":[{"start":{"line":122,"column":23},"end":{"line":122,"column":45}},{"start":{"line":122,"column":49},"end":{"line":122,"column":51}}]},"13":{"loc":{"start":{"line":123,"column":4},"end":{"line":123,"column":66}},"type":"if","locations":[{"start":{"line":123,"column":4},"end":{"line":123,"column":66}},{"start":{},"end":{}}]},"14":{"loc":{"start":{"line":123,"column":8},"end":{"line":123,"column":55}},"type":"binary-expr","locations":[{"start":{"line":123,"column":8},"end":{"line":123,"column":28}},{"start":{"line":123,"column":32},"end":{"line":123,"column":55}}]},"15":{"loc":{"start":{"line":134,"column":8},"end":{"line":134,"column":69}},"type":"if","locations":[{"start":{"line":134,"column":8},"end":{"line":134,"column":69}},{"start":{},"end":{}}]},"16":{"loc":{"start":{"line":142,"column":11},"end":{"line":142,"column":78}},"type":"cond-expr","locations":[{"start":{"line":142,"column":32},"end":{"line":142,"column":33}},{"start":{"line":142,"column":36},"end":{"line":142,"column":78}}]},"17":{"loc":{"start":{"line":147,"column":31},"end":{"line":147,"column":48}},"type":"binary-expr","locations":[{"start":{"line":147,"column":31},"end":{"line":147,"column":42}},{"start":{"line":147,"column":46},"end":{"line":147,"column":48}}]},"18":{"loc":{"start":{"line":148,"column":11},"end":{"line":148,"column":70}},"type":"cond-expr","locations":[{"start":{"line":148,"column":65},"end":{"line":148,"column":66}},{"start":{"line":148,"column":69},"end":{"line":148,"column":70}}]},"19":{"loc":{"start":{"line":148,"column":12},"end":{"line":148,"column":32}},"type":"binary-expr","locations":[{"start":{"line":148,"column":12},"end":{"line":148,"column":26}},{"start":{"line":148,"column":30},"end":{"line":148,"column":32}}]},"20":{"loc":{"start":{"line":161,"column":12},"end":{"line":162,"column":67}},"type":"binary-expr","locations":[{"start":{"line":161,"column":12},"end":{"line":161,"column":35}},{"start":{"line":162,"column":13},"end":{"line":162,"column":38}},{"start":{"line":162,"column":42},"end":{"line":162,"column":66}}]},"21":{"loc":{"start":{"line":164,"column":18},"end":{"line":164,"column":74}},"type":"cond-expr","locations":[{"start":{"line":164,"column":46},"end":{"line":164,"column":58}},{"start":{"line":164,"column":61},"end":{"line":164,"column":74}}]},"22":{"loc":{"start":{"line":167,"column":4},"end":{"line":167,"column":70}},"type":"if","locations":[{"start":{"line":167,"column":4},"end":{"line":167,"column":70}},{"start":{},"end":{}}]},"23":{"loc":{"start":{"line":167,"column":8},"end":{"line":167,"column":59}},"type":"binary-expr","locations":[{"start":{"line":167,"column":8},"end":{"line":167,"column":30}},{"start":{"line":167,"column":34},"end":{"line":167,"column":59}}]},"24":{"loc":{"start":{"line":177,"column":27},"end":{"line":177,"column":43}},"type":"binary-expr","locations":[{"start":{"line":177,"column":27},"end":{"line":177,"column":38}},{"start":{"line":177,"column":42},"end":{"line":177,"column":43}}]},"25":{"loc":{"start":{"line":177,"column":48},"end":{"line":177,"column":67}},"type":"binary-expr","locations":[{"start":{"line":177,"column":48},"end":{"line":177,"column":62}},{"start":{"line":177,"column":66},"end":{"line":177,"column":67}}]},"26":{"loc":{"start":{"line":186,"column":4},"end":{"line":186,"column":54}},"type":"if","locations":[{"start":{"line":186,"column":4},"end":{"line":186,"column":54}},{"start":{},"end":{}}]},"27":{"loc":{"start":{"line":186,"column":8},"end":{"line":186,"column":43}},"type":"binary-expr","locations":[{"start":{"line":186,"column":8},"end":{"line":186,"column":22}},{"start":{"line":186,"column":26},"end":{"line":186,"column":43}}]},"28":{"loc":{"start":{"line":199,"column":4},"end":{"line":199,"column":32}},"type":"if","locations":[{"start":{"line":199,"column":4},"end":{"line":199,"column":32}},{"start":{},"end":{}}]},"29":{"loc":{"start":{"line":204,"column":4},"end":{"line":204,"column":71}},"type":"if","locations":[{"start":{"line":204,"column":4},"end":{"line":204,"column":71}},{"start":{},"end":{}}]},"30":{"loc":{"start":{"line":204,"column":8},"end":{"line":204,"column":63}},"type":"binary-expr","locations":[{"start":{"line":204,"column":8},"end":{"line":204,"column":13}},{"start":{"line":204,"column":18},"end":{"line":204,"column":25}},{"start":{"line":204,"column":29},"end":{"line":204,"column":62}}]},"31":{"loc":{"start":{"line":32,"column":39},"end":{"line":32,"column":null}},"type":"cond-expr","locations":[{"start":{"line":32,"column":71},"end":{"line":32,"column":null}},{"start":{"line":32,"column":71},"end":{"line":32,"column":null}}]},"32":{"loc":{"start":{"line":32,"column":39},"end":{"line":32,"column":71}},"type":"binary-expr","locations":[{"start":{"line":32,"column":39},"end":{"line":32,"column":null}},{"start":{"line":32,"column":39},"end":{"line":32,"column":71}}]}},"s":{"0":3,"1":3,"2":3,"3":3,"4":13,"5":13,"6":6,"7":6,"8":6,"9":6,"10":6,"11":5,"12":6,"13":6,"14":2,"15":6,"16":18,"17":6,"18":8,"19":6,"20":3,"21":6,"22":8,"23":17,"24":17,"25":17,"26":17,"27":17,"28":17,"29":17,"30":17,"31":17,"32":32,"33":17,"34":24,"35":17,"36":1,"37":16,"38":32,"39":16,"40":16,"41":17,"42":17,"43":17,"44":1,"45":16,"46":16,"47":16,"48":16,"49":16,"50":16,"51":16,"52":16,"53":1,"54":15,"55":15,"56":15,"57":15,"58":16,"59":17,"60":17,"61":16,"62":17,"63":6,"64":2,"65":17,"66":15,"67":2,"68":2,"69":2,"70":17,"71":17,"72":17,"73":17,"74":17,"75":17,"76":17,"77":1,"78":16,"79":16,"80":62,"81":62,"82":40,"83":2,"84":38,"85":38,"86":38,"87":38,"88":38,"89":36,"90":38,"91":3,"92":3},"f":{"0":13,"1":6,"2":6,"3":5,"4":6,"5":2,"6":18,"7":8,"8":3,"9":8,"10":17,"11":17,"12":32,"13":24,"14":32,"15":17,"16":17,"17":16,"18":17,"19":6,"20":2,"21":2,"22":17,"23":17,"24":62,"25":40},"b":{"0":[6,1],"1":[6,3],"2":[3,2],"3":[6,3,2],"4":[1,1],"5":[18,12],"6":[17,1],"7":[17,0],"8":[1,16],"9":[17,1],"10":[0,16],"11":[17,1],"12":[17,0],"13":[1,16],"14":[17,16],"15":[1,15],"16":[0,16],"17":[17,1],"18":[11,6],"19":[17,0],"20":[6,4,3],"21":[1,1],"22":[15,2],"23":[17,2],"24":[17,1],"25":[17,1],"26":[1,16],"27":[17,16],"28":[2,38],"29":[36,2],"30":[38,3,2],"31":[3,0],"32":[3,3]}}
,"C:\\Users\\daavi\\OneDrive\\Escritorio\\ARSW\\PROYECTO\\peerly-user-management\\src\\contexts\\user\\application\\use-cases\\user\\get-all-users-use-case.impl.ts": {"path":"C:\\Users\\daavi\\OneDrive\\Escritorio\\ARSW\\PROYECTO\\peerly-user-management\\src\\contexts\\user\\application\\use-cases\\user\\get-all-users-use-case.impl.ts","statementMap":{"0":{"start":{"line":4,"column":0},"end":{"line":4,"column":52}},"1":{"start":{"line":7,"column":7},"end":{"line":15,"column":null}},"2":{"start":{"line":10,"column":12},"end":{"line":10,"column":56}},"3":{"start":{"line":13,"column":4},"end":{"line":13,"column":54}},"4":{"start":{"line":7,"column":13},"end":{"line":7,"column":35}},"5":{"start":{"line":7,"column":13},"end":{"line":15,"column":null}}},"fnMap":{"0":{"name":"(anonymous_4)","decl":{"start":{"line":8,"column":2},"end":{"line":8,"column":null}},"loc":{"start":{"line":10,"column":56},"end":{"line":10,"column":61}}},"1":{"name":"(anonymous_5)","decl":{"start":{"line":12,"column":2},"end":{"line":12,"column":7}},"loc":{"start":{"line":12,"column":19},"end":{"line":14,"column":3}}}},"branchMap":{},"s":{"0":1,"1":1,"2":2,"3":2,"4":1,"5":1},"f":{"0":2,"1":2},"b":{}}
,"C:\\Users\\daavi\\OneDrive\\Escritorio\\ARSW\\PROYECTO\\peerly-user-management\\src\\contexts\\user\\application\\use-cases\\user\\get-compatibility-use-case.impl.ts": {"path":"C:\\Users\\daavi\\OneDrive\\Escritorio\\ARSW\\PROYECTO\\peerly-user-management\\src\\contexts\\user\\application\\use-cases\\user\\get-compatibility-use-case.impl.ts","statementMap":{"0":{"start":{"line":1,"column":0},"end":{"line":1,"column":52}},"1":{"start":{"line":4,"column":0},"end":{"line":4,"column":134}},"2":{"start":{"line":5,"column":0},"end":{"line":5,"column":74}},"3":{"start":{"line":8,"column":7},"end":{"line":35,"column":null}},"4":{"start":{"line":11,"column":21},"end":{"line":11,"column":52}},"5":{"start":{"line":12,"column":21},"end":{"line":12,"column":39}},"6":{"start":{"line":13,"column":21},"end":{"line":13,"column":38}},"7":{"start":{"line":17,"column":24},"end":{"line":20,"column":6}},"8":{"start":{"line":22,"column":32},"end":{"line":22,"column":79}},"9":{"start":{"line":24,"column":6},"end":{"line":24,"column":43}},"10":{"start":{"line":26,"column":24},"end":{"line":29,"column":null}},"11":{"start":{"line":28,"column":21},"end":{"line":28,"column":101}},"12":{"start":{"line":29,"column":18},"end":{"line":29,"column":73}},"13":{"start":{"line":33,"column":4},"end":{"line":33,"column":104}},"14":{"start":{"line":8,"column":13},"end":{"line":8,"column":40}},"15":{"start":{"line":8,"column":13},"end":{"line":35,"column":null}}},"fnMap":{"0":{"name":"(anonymous_4)","decl":{"start":{"line":9,"column":2},"end":{"line":9,"column":null}},"loc":{"start":{"line":13,"column":62},"end":{"line":14,"column":6}}},"1":{"name":"(anonymous_5)","decl":{"start":{"line":16,"column":2},"end":{"line":16,"column":7}},"loc":{"start":{"line":16,"column":56},"end":{"line":34,"column":3}}},"2":{"name":"(anonymous_6)","decl":{"start":{"line":28,"column":16},"end":{"line":28,"column":17}},"loc":{"start":{"line":28,"column":21},"end":{"line":28,"column":101}}},"3":{"name":"(anonymous_7)","decl":{"start":{"line":29,"column":13},"end":{"line":29,"column":14}},"loc":{"start":{"line":29,"column":18},"end":{"line":29,"column":73}}}},"branchMap":{"0":{"loc":{"start":{"line":24,"column":6},"end":{"line":24,"column":43}},"type":"binary-expr","locations":[{"start":{"line":24,"column":6},"end":{"line":24,"column":37}},{"start":{"line":24,"column":41},"end":{"line":24,"column":43}}]},"1":{"loc":{"start":{"line":28,"column":21},"end":{"line":28,"column":101}},"type":"binary-expr","locations":[{"start":{"line":28,"column":21},"end":{"line":28,"column":44}},{"start":{"line":28,"column":49},"end":{"line":28,"column":73}},{"start":{"line":28,"column":77},"end":{"line":28,"column":100}}]},"2":{"loc":{"start":{"line":29,"column":18},"end":{"line":29,"column":73}},"type":"cond-expr","locations":[{"start":{"line":29,"column":45},"end":{"line":29,"column":57}},{"start":{"line":29,"column":60},"end":{"line":29,"column":73}}]},"3":{"loc":{"start":{"line":12,"column":39},"end":{"line":12,"column":null}},"type":"cond-expr","locations":[{"start":{"line":12,"column":71},"end":{"line":12,"column":null}},{"start":{"line":12,"column":71},"end":{"line":12,"column":null}}]},"4":{"loc":{"start":{"line":12,"column":39},"end":{"line":12,"column":71}},"type":"binary-expr","locations":[{"start":{"line":12,"column":39},"end":{"line":12,"column":null}},{"start":{"line":12,"column":39},"end":{"line":12,"column":71}}]},"5":{"loc":{"start":{"line":12,"column":71},"end":{"line":13,"column":null}},"type":"cond-expr","locations":[{"start":{"line":13,"column":62},"end":{"line":13,"column":null}},{"start":{"line":13,"column":62},"end":{"line":13,"column":null}}]},"6":{"loc":{"start":{"line":12,"column":71},"end":{"line":13,"column":62}},"type":"binary-expr","locations":[{"start":{"line":12,"column":71},"end":{"line":13,"column":null}},{"start":{"line":13,"column":38},"end":{"line":13,"column":62}}]}},"s":{"0":1,"1":1,"2":1,"3":1,"4":4,"5":4,"6":4,"7":4,"8":4,"9":4,"10":4,"11":3,"12":2,"13":4,"14":1,"15":1},"f":{"0":4,"1":4,"2":3,"3":2},"b":{"0":[4,1],"1":[3,2,1],"2":[1,1],"3":[1,0],"4":[1,1],"5":[1,0],"6":[1,1]}}
,"C:\\Users\\daavi\\OneDrive\\Escritorio\\ARSW\\PROYECTO\\peerly-user-management\\src\\contexts\\user\\application\\use-cases\\user\\get-user-use-case.impl.ts": {"path":"C:\\Users\\daavi\\OneDrive\\Escritorio\\ARSW\\PROYECTO\\peerly-user-management\\src\\contexts\\user\\application\\use-cases\\user\\get-user-use-case.impl.ts","statementMap":{"0":{"start":{"line":4,"column":0},"end":{"line":4,"column":52}},"1":{"start":{"line":7,"column":7},"end":{"line":15,"column":null}},"2":{"start":{"line":10,"column":12},"end":{"line":10,"column":56}},"3":{"start":{"line":13,"column":4},"end":{"line":13,"column":57}},"4":{"start":{"line":7,"column":13},"end":{"line":7,"column":31}},"5":{"start":{"line":7,"column":13},"end":{"line":15,"column":null}}},"fnMap":{"0":{"name":"(anonymous_4)","decl":{"start":{"line":8,"column":2},"end":{"line":8,"column":null}},"loc":{"start":{"line":10,"column":56},"end":{"line":10,"column":61}}},"1":{"name":"(anonymous_5)","decl":{"start":{"line":12,"column":2},"end":{"line":12,"column":7}},"loc":{"start":{"line":12,"column":30},"end":{"line":14,"column":3}}}},"branchMap":{},"s":{"0":1,"1":1,"2":2,"3":2,"4":1,"5":1},"f":{"0":2,"1":2},"b":{}}
,"C:\\Users\\daavi\\OneDrive\\Escritorio\\ARSW\\PROYECTO\\peerly-user-management\\src\\contexts\\user\\application\\use-cases\\user\\update-user-use-case.impl.ts": {"path":"C:\\Users\\daavi\\OneDrive\\Escritorio\\ARSW\\PROYECTO\\peerly-user-management\\src\\contexts\\user\\application\\use-cases\\user\\update-user-use-case.impl.ts","statementMap":{"0":{"start":{"line":4,"column":0},"end":{"line":4,"column":52}},"1":{"start":{"line":7,"column":7},"end":{"line":15,"column":null}},"2":{"start":{"line":10,"column":12},"end":{"line":10,"column":56}},"3":{"start":{"line":13,"column":4},"end":{"line":13,"column":61}},"4":{"start":{"line":7,"column":13},"end":{"line":7,"column":34}},"5":{"start":{"line":7,"column":13},"end":{"line":15,"column":null}}},"fnMap":{"0":{"name":"(anonymous_4)","decl":{"start":{"line":8,"column":2},"end":{"line":8,"column":null}},"loc":{"start":{"line":10,"column":56},"end":{"line":10,"column":61}}},"1":{"name":"(anonymous_5)","decl":{"start":{"line":12,"column":2},"end":{"line":12,"column":7}},"loc":{"start":{"line":12,"column":41},"end":{"line":14,"column":3}}}},"branchMap":{},"s":{"0":1,"1":1,"2":1,"3":1,"4":1,"5":1},"f":{"0":1,"1":1},"b":{}}
,"C:\\Users\\daavi\\OneDrive\\Escritorio\\ARSW\\PROYECTO\\peerly-user-management\\src\\contexts\\user\\infrastructure\\adapters\\in\\http\\controllers\\user.controller.ts": {"path":"C:\\Users\\daavi\\OneDrive\\Escritorio\\ARSW\\PROYECTO\\peerly-user-management\\src\\contexts\\user\\infrastructure\\adapters\\in\\http\\controllers\\user.controller.ts","statementMap":{"0":{"start":{"line":1,"column":0},"end":{"line":1,"column":null}},"1":{"start":{"line":16,"column":0},"end":{"line":16,"column":59}},"2":{"start":{"line":17,"column":0},"end":{"line":17,"column":52}},"3":{"start":{"line":18,"column":0},"end":{"line":18,"column":43}},"4":{"start":{"line":20,"column":0},"end":{"line":20,"column":39}},"5":{"start":{"line":21,"column":0},"end":{"line":21,"column":92}},"6":{"start":{"line":23,"column":0},"end":{"line":23,"column":65}},"7":{"start":{"line":24,"column":0},"end":{"line":24,"column":78}},"8":{"start":{"line":25,"column":0},"end":{"line":25,"column":58}},"9":{"start":{"line":26,"column":0},"end":{"line":26,"column":106}},"10":{"start":{"line":27,"column":0},"end":{"line":27,"column":114}},"11":{"start":{"line":28,"column":0},"end":{"line":28,"column":110}},"12":{"start":{"line":31,"column":7},"end":{"line":194,"column":null}},"13":{"start":{"line":33,"column":12},"end":{"line":33,"column":25}},"14":{"start":{"line":34,"column":12},"end":{"line":34,"column":27}},"15":{"start":{"line":35,"column":12},"end":{"line":35,"column":28}},"16":{"start":{"line":36,"column":12},"end":{"line":36,"column":27}},"17":{"start":{"line":37,"column":12},"end":{"line":37,"column":34}},"18":{"start":{"line":38,"column":12},"end":{"line":38,"column":30}},"19":{"start":{"line":43,"column":17},"end":{"line":43,"column":57}},"20":{"start":{"line":44,"column":23},"end":{"line":44,"column":62}},"21":{"start":{"line":45,"column":4},"end":{"line":45,"column":53}},"22":{"start":{"line":61,"column":24},"end":{"line":61,"column":57}},"23":{"start":{"line":62,"column":24},"end":{"line":62,"column":67}},"24":{"start":{"line":66,"column":4},"end":{"line":77,"column":5}},"25":{"start":{"line":67,"column":24},"end":{"line":67,"column":33}},"26":{"start":{"line":68,"column":6},"end":{"line":70,"column":7}},"27":{"start":{"line":69,"column":8},"end":{"line":69,"column":97}},"28":{"start":{"line":71,"column":6},"end":{"line":71,"column":63}},"29":{"start":{"line":72,"column":6},"end":{"line":74,"column":7}},"30":{"start":{"line":73,"column":8},"end":{"line":73,"column":78}},"31":{"start":{"line":76,"column":6},"end":{"line":76,"column":86}},"32":{"start":{"line":79,"column":17},"end":{"line":79,"column":57}},"33":{"start":{"line":80,"column":24},"end":{"line":80,"column":67}},"34":{"start":{"line":81,"column":4},"end":{"line":81,"column":54}},"35":{"start":{"line":86,"column":4},"end":{"line":86,"column":46}},"36":{"start":{"line":87,"column":4},"end":{"line":87,"column":29}},"37":{"start":{"line":92,"column":17},"end":{"line":92,"column":61}},"38":{"start":{"line":93,"column":4},"end":{"line":95,"column":5}},"39":{"start":{"line":94,"column":6},"end":{"line":94,"column":72}},"40":{"start":{"line":97,"column":4},"end":{"line":97,"column":47}},"41":{"start":{"line":102,"column":18},"end":{"line":102,"column":58}},"42":{"start":{"line":103,"column":4},"end":{"line":103,"column":52}},"43":{"start":{"line":111,"column":24},"end":{"line":114,"column":6}},"44":{"start":{"line":116,"column":4},"end":{"line":116,"column":43}},"45":{"start":{"line":116,"column":23},"end":{"line":116,"column":43}},"46":{"start":{"line":118,"column":32},"end":{"line":118,"column":79}},"47":{"start":{"line":120,"column":6},"end":{"line":120,"column":43}},"48":{"start":{"line":122,"column":24},"end":{"line":125,"column":null}},"49":{"start":{"line":124,"column":21},"end":{"line":124,"column":101}},"50":{"start":{"line":125,"column":18},"end":{"line":125,"column":73}},"51":{"start":{"line":128,"column":18},"end":{"line":128,"column":106}},"52":{"start":{"line":129,"column":4},"end":{"line":129,"column":21}},"53":{"start":{"line":134,"column":17},"end":{"line":134,"column":55}},"54":{"start":{"line":135,"column":4},"end":{"line":135,"column":47}},"55":{"start":{"line":140,"column":18},"end":{"line":140,"column":54}},"56":{"start":{"line":141,"column":4},"end":{"line":141,"column":52}},"57":{"start":{"line":149,"column":17},"end":{"line":149,"column":55}},"58":{"start":{"line":150,"column":4},"end":{"line":150,"column":67}},"59":{"start":{"line":150,"column":15},"end":{"line":150,"column":67}},"60":{"start":{"line":151,"column":4},"end":{"line":151,"column":34}},"61":{"start":{"line":152,"column":4},"end":{"line":152,"column":40}},"62":{"start":{"line":153,"column":4},"end":{"line":153,"column":48}},"63":{"start":{"line":158,"column":4},"end":{"line":162,"column":5}},"64":{"start":{"line":159,"column":6},"end":{"line":159,"column":60}},"65":{"start":{"line":161,"column":6},"end":{"line":161,"column":80}},"66":{"start":{"line":163,"column":4},"end":{"line":163,"column":70}},"67":{"start":{"line":167,"column":39},"end":{"line":170,"column":6}},"68":{"start":{"line":172,"column":16},"end":{"line":172,"column":59}},"69":{"start":{"line":173,"column":4},"end":{"line":173,"column":41}},"70":{"start":{"line":175,"column":19},"end":{"line":175,"column":38}},"71":{"start":{"line":176,"column":4},"end":{"line":178,"column":5}},"72":{"start":{"line":177,"column":6},"end":{"line":177,"column":44}},"73":{"start":{"line":179,"column":4},"end":{"line":179,"column":15}},"74":{"start":{"line":183,"column":4},"end":{"line":183,"column":45}},"75":{"start":{"line":183,"column":35},"end":{"line":183,"column":45}},"76":{"start":{"line":185,"column":4},"end":{"line":192,"column":44}},"77":{"start":{"line":186,"column":24},"end":{"line":186,"column":51}},"78":{"start":{"line":188,"column":8},"end":{"line":188,"column":58}},"79":{"start":{"line":188,"column":38},"end":{"line":188,"column":58}},"80":{"start":{"line":189,"column":20},"end":{"line":189,"column":43}},"81":{"start":{"line":190,"column":8},"end":{"line":190,"column":37}},"82":{"start":{"line":192,"column":24},"end":{"line":192,"column":42}},"83":{"start":{"line":31,"column":13},"end":{"line":31,"column":27}},"84":{"start":{"line":42,"column":8},"end":{"line":46,"column":null}},"85":{"start":{"line":55,"column":8},"end":{"line":82,"column":null}},"86":{"start":{"line":85,"column":8},"end":{"line":88,"column":null}},"87":{"start":{"line":91,"column":8},"end":{"line":98,"column":null}},"88":{"start":{"line":101,"column":8},"end":{"line":104,"column":null}},"89":{"start":{"line":107,"column":8},"end":{"line":130,"column":null}},"90":{"start":{"line":133,"column":8},"end":{"line":136,"column":null}},"91":{"start":{"line":139,"column":8},"end":{"line":142,"column":null}},"92":{"start":{"line":145,"column":8},"end":{"line":154,"column":null}},"93":{"start":{"line":31,"column":13},"end":{"line":194,"column":null}}},"fnMap":{"0":{"name":"(anonymous_4)","decl":{"start":{"line":32,"column":2},"end":{"line":32,"column":null}},"loc":{"start":{"line":38,"column":62},"end":{"line":39,"column":6}}},"1":{"name":"(anonymous_5)","decl":{"start":{"line":42,"column":8},"end":{"line":42,"column":18}},"loc":{"start":{"line":42,"column":54},"end":{"line":46,"column":3}}},"2":{"name":"(anonymous_6)","decl":{"start":{"line":55,"column":8},"end":{"line":55,"column":18}},"loc":{"start":{"line":59,"column":41},"end":{"line":82,"column":3}}},"3":{"name":"(anonymous_7)","decl":{"start":{"line":85,"column":8},"end":{"line":85,"column":18}},"loc":{"start":{"line":85,"column":42},"end":{"line":88,"column":3}}},"4":{"name":"(anonymous_8)","decl":{"start":{"line":91,"column":8},"end":{"line":91,"column":22}},"loc":{"start":{"line":91,"column":52},"end":{"line":98,"column":3}}},"5":{"name":"(anonymous_9)","decl":{"start":{"line":101,"column":8},"end":{"line":101,"column":21}},"loc":{"start":{"line":101,"column":45},"end":{"line":104,"column":3}}},"6":{"name":"(anonymous_10)","decl":{"start":{"line":107,"column":8},"end":{"line":107,"column":24}},"loc":{"start":{"line":109,"column":37},"end":{"line":130,"column":3}}},"7":{"name":"(anonymous_11)","decl":{"start":{"line":124,"column":16},"end":{"line":124,"column":17}},"loc":{"start":{"line":124,"column":21},"end":{"line":124,"column":101}}},"8":{"name":"(anonymous_12)","decl":{"start":{"line":125,"column":13},"end":{"line":125,"column":14}},"loc":{"start":{"line":125,"column":18},"end":{"line":125,"column":73}}},"9":{"name":"(anonymous_13)","decl":{"start":{"line":133,"column":8},"end":{"line":133,"column":19}},"loc":{"start":{"line":133,"column":43},"end":{"line":136,"column":3}}},"10":{"name":"(anonymous_14)","decl":{"start":{"line":139,"column":8},"end":{"line":139,"column":19}},"loc":{"start":{"line":139,"column":19},"end":{"line":142,"column":3}}},"11":{"name":"(anonymous_15)","decl":{"start":{"line":145,"column":8},"end":{"line":145,"column":22}},"loc":{"start":{"line":147,"column":39},"end":{"line":154,"column":3}}},"12":{"name":"(anonymous_16)","decl":{"start":{"line":156,"column":10},"end":{"line":156,"column":15}},"loc":{"start":{"line":156,"column":53},"end":{"line":164,"column":3}}},"13":{"name":"(anonymous_17)","decl":{"start":{"line":166,"column":10},"end":{"line":166,"column":15}},"loc":{"start":{"line":166,"column":59},"end":{"line":180,"column":3}}},"14":{"name":"(anonymous_18)","decl":{"start":{"line":182,"column":10},"end":{"line":182,"column":28}},"loc":{"start":{"line":182,"column":47},"end":{"line":193,"column":3}}},"15":{"name":"(anonymous_19)","decl":{"start":{"line":186,"column":14},"end":{"line":186,"column":15}},"loc":{"start":{"line":186,"column":24},"end":{"line":186,"column":51}}},"16":{"name":"(anonymous_20)","decl":{"start":{"line":187,"column":11},"end":{"line":187,"column":12}},"loc":{"start":{"line":187,"column":20},"end":{"line":191,"column":7}}},"17":{"name":"(anonymous_21)","decl":{"start":{"line":192,"column":14},"end":{"line":192,"column":15}},"loc":{"start":{"line":192,"column":24},"end":{"line":192,"column":42}}}},"branchMap":{"0":{"loc":{"start":{"line":61,"column":24},"end":{"line":61,"column":57}},"type":"binary-expr","locations":[{"start":{"line":61,"column":24},"end":{"line":61,"column":51}},{"start":{"line":61,"column":55},"end":{"line":61,"column":57}}]},"1":{"loc":{"start":{"line":66,"column":4},"end":{"line":77,"column":5}},"type":"if","locations":[{"start":{"line":66,"column":4},"end":{"line":77,"column":5}},{"start":{"line":75,"column":11},"end":{"line":77,"column":5}}]},"2":{"loc":{"start":{"line":68,"column":6},"end":{"line":70,"column":7}},"type":"if","locations":[{"start":{"line":68,"column":6},"end":{"line":70,"column":7}},{"start":{},"end":{}}]},"3":{"loc":{"start":{"line":72,"column":6},"end":{"line":74,"column":7}},"type":"if","locations":[{"start":{"line":72,"column":6},"end":{"line":74,"column":7}},{"start":{},"end":{}}]},"4":{"loc":{"start":{"line":93,"column":4},"end":{"line":95,"column":5}},"type":"if","locations":[{"start":{"line":93,"column":4},"end":{"line":95,"column":5}},{"start":{},"end":{}}]},"5":{"loc":{"start":{"line":116,"column":4},"end":{"line":116,"column":43}},"type":"if","locations":[{"start":{"line":116,"column":4},"end":{"line":116,"column":43}},{"start":{},"end":{}}]},"6":{"loc":{"start":{"line":116,"column":8},"end":{"line":116,"column":21}},"type":"binary-expr","locations":[{"start":{"line":116,"column":8},"end":{"line":116,"column":11}},{"start":{"line":116,"column":15},"end":{"line":116,"column":21}}]},"7":{"loc":{"start":{"line":120,"column":6},"end":{"line":120,"column":43}},"type":"binary-expr","locations":[{"start":{"line":120,"column":6},"end":{"line":120,"column":37}},{"start":{"line":120,"column":41},"end":{"line":120,"column":43}}]},"8":{"loc":{"start":{"line":124,"column":21},"end":{"line":124,"column":101}},"type":"binary-expr","locations":[{"start":{"line":124,"column":21},"end":{"line":124,"column":44}},{"start":{"line":124,"column":49},"end":{"line":124,"column":73}},{"start":{"line":124,"column":77},"end":{"line":124,"column":100}}]},"9":{"loc":{"start":{"line":125,"column":18},"end":{"line":125,"column":73}},"type":"cond-expr","locations":[{"start":{"line":125,"column":45},"end":{"line":125,"column":57}},{"start":{"line":125,"column":60},"end":{"line":125,"column":73}}]},"10":{"loc":{"start":{"line":150,"column":4},"end":{"line":150,"column":67}},"type":"if","locations":[{"start":{"line":150,"column":4},"end":{"line":150,"column":67}},{"start":{},"end":{}}]},"11":{"loc":{"start":{"line":176,"column":4},"end":{"line":178,"column":5}},"type":"if","locations":[{"start":{"line":176,"column":4},"end":{"line":178,"column":5}},{"start":{},"end":{}}]},"12":{"loc":{"start":{"line":183,"column":4},"end":{"line":183,"column":45}},"type":"if","locations":[{"start":{"line":183,"column":4},"end":{"line":183,"column":45}},{"start":{},"end":{}}]},"13":{"loc":{"start":{"line":186,"column":24},"end":{"line":186,"column":51}},"type":"binary-expr","locations":[{"start":{"line":186,"column":24},"end":{"line":186,"column":36}},{"start":{"line":186,"column":40},"end":{"line":186,"column":51}}]},"14":{"loc":{"start":{"line":188,"column":8},"end":{"line":188,"column":58}},"type":"if","locations":[{"start":{"line":188,"column":8},"end":{"line":188,"column":58}},{"start":{},"end":{}}]},"15":{"loc":{"start":{"line":190,"column":21},"end":{"line":190,"column":34}},"type":"binary-expr","locations":[{"start":{"line":190,"column":21},"end":{"line":190,"column":28}},{"start":{"line":190,"column":32},"end":{"line":190,"column":34}}]},"16":{"loc":{"start":{"line":42,"column":40},"end":{"line":42,"column":57}},"type":"cond-expr","locations":[{"start":{"line":42,"column":54},"end":{"line":42,"column":57}},{"start":{"line":42,"column":54},"end":{"line":42,"column":57}}]},"17":{"loc":{"start":{"line":42,"column":40},"end":{"line":42,"column":54}},"type":"binary-expr","locations":[{"start":{"line":42,"column":40},"end":{"line":42,"column":57}},{"start":{"line":42,"column":40},"end":{"line":42,"column":54}}]},"18":{"loc":{"start":{"line":42,"column":57},"end":{"line":42,"column":null}},"type":"cond-expr","locations":[{"start":{"line":42,"column":64},"end":{"line":42,"column":null}},{"start":{"line":42,"column":64},"end":{"line":42,"column":null}}]},"19":{"loc":{"start":{"line":42,"column":57},"end":{"line":42,"column":64}},"type":"binary-expr","locations":[{"start":{"line":42,"column":57},"end":{"line":42,"column":null}},{"start":{"line":42,"column":57},"end":{"line":42,"column":64}}]},"20":{"loc":{"start":{"line":59,"column":18},"end":{"line":59,"column":41}},"type":"cond-expr","locations":[{"start":{"line":59,"column":24},"end":{"line":59,"column":41}},{"start":{"line":59,"column":24},"end":{"line":59,"column":41}}]},"21":{"loc":{"start":{"line":59,"column":18},"end":{"line":59,"column":24}},"type":"binary-expr","locations":[{"start":{"line":59,"column":18},"end":{"line":59,"column":41}},{"start":{"line":59,"column":18},"end":{"line":59,"column":24}}]},"22":{"loc":{"start":{"line":60,"column":5},"end":{"line":60,"column":null}},"type":"cond-expr","locations":[{"start":{"line":60,"column":12},"end":{"line":60,"column":null}},{"start":{"line":60,"column":12},"end":{"line":60,"column":null}}]},"23":{"loc":{"start":{"line":60,"column":5},"end":{"line":60,"column":12}},"type":"binary-expr","locations":[{"start":{"line":60,"column":5},"end":{"line":60,"column":null}},{"start":{"line":60,"column":5},"end":{"line":60,"column":12}}]},"24":{"loc":{"start":{"line":85,"column":45},"end":{"line":85,"column":null}},"type":"cond-expr","locations":[{"start":{"line":85,"column":52},"end":{"line":85,"column":null}},{"start":{"line":85,"column":52},"end":{"line":85,"column":null}}]},"25":{"loc":{"start":{"line":85,"column":45},"end":{"line":85,"column":52}},"type":"binary-expr","locations":[{"start":{"line":85,"column":45},"end":{"line":85,"column":null}},{"start":{"line":85,"column":45},"end":{"line":85,"column":52}}]},"26":{"loc":{"start":{"line":91,"column":55},"end":{"line":91,"column":null}},"type":"cond-expr","locations":[{"start":{"line":91,"column":62},"end":{"line":91,"column":null}},{"start":{"line":91,"column":62},"end":{"line":91,"column":null}}]},"27":{"loc":{"start":{"line":91,"column":55},"end":{"line":91,"column":62}},"type":"binary-expr","locations":[{"start":{"line":91,"column":55},"end":{"line":91,"column":null}},{"start":{"line":91,"column":55},"end":{"line":91,"column":62}}]},"28":{"loc":{"start":{"line":101,"column":48},"end":{"line":101,"column":null}},"type":"cond-expr","locations":[{"start":{"line":101,"column":55},"end":{"line":101,"column":null}},{"start":{"line":101,"column":55},"end":{"line":101,"column":null}}]},"29":{"loc":{"start":{"line":101,"column":48},"end":{"line":101,"column":55}},"type":"binary-expr","locations":[{"start":{"line":101,"column":48},"end":{"line":101,"column":null}},{"start":{"line":101,"column":48},"end":{"line":101,"column":55}}]},"30":{"loc":{"start":{"line":110,"column":5},"end":{"line":110,"column":null}},"type":"cond-expr","locations":[{"start":{"line":110,"column":12},"end":{"line":110,"column":null}},{"start":{"line":110,"column":12},"end":{"line":110,"column":null}}]},"31":{"loc":{"start":{"line":110,"column":5},"end":{"line":110,"column":12}},"type":"binary-expr","locations":[{"start":{"line":110,"column":5},"end":{"line":110,"column":null}},{"start":{"line":110,"column":5},"end":{"line":110,"column":12}}]},"32":{"loc":{"start":{"line":133,"column":46},"end":{"line":133,"column":null}},"type":"cond-expr","locations":[{"start":{"line":133,"column":53},"end":{"line":133,"column":null}},{"start":{"line":133,"column":53},"end":{"line":133,"column":null}}]},"33":{"loc":{"start":{"line":133,"column":46},"end":{"line":133,"column":53}},"type":"binary-expr","locations":[{"start":{"line":133,"column":46},"end":{"line":133,"column":null}},{"start":{"line":133,"column":46},"end":{"line":133,"column":53}}]},"34":{"loc":{"start":{"line":139,"column":23},"end":{"line":139,"column":null}},"type":"cond-expr","locations":[{"start":{"line":139,"column":30},"end":{"line":139,"column":null}},{"start":{"line":139,"column":30},"end":{"line":139,"column":null}}]},"35":{"loc":{"start":{"line":139,"column":23},"end":{"line":139,"column":30}},"type":"binary-expr","locations":[{"start":{"line":139,"column":23},"end":{"line":139,"column":null}},{"start":{"line":139,"column":23},"end":{"line":139,"column":30}}]},"36":{"loc":{"start":{"line":148,"column":5},"end":{"line":148,"column":null}},"type":"cond-expr","locations":[{"start":{"line":148,"column":12},"end":{"line":148,"column":null}},{"start":{"line":148,"column":12},"end":{"line":148,"column":null}}]},"37":{"loc":{"start":{"line":148,"column":5},"end":{"line":148,"column":12}},"type":"binary-expr","locations":[{"start":{"line":148,"column":5},"end":{"line":148,"column":null}},{"start":{"line":148,"column":5},"end":{"line":148,"column":12}}]},"38":{"loc":{"start":{"line":33,"column":25},"end":{"line":33,"column":null}},"type":"cond-expr","locations":[{"start":{"line":33,"column":36},"end":{"line":33,"column":null}},{"start":{"line":33,"column":36},"end":{"line":33,"column":null}}]},"39":{"loc":{"start":{"line":33,"column":25},"end":{"line":33,"column":36}},"type":"binary-expr","locations":[{"start":{"line":33,"column":25},"end":{"line":33,"column":null}},{"start":{"line":33,"column":25},"end":{"line":33,"column":36}}]},"40":{"loc":{"start":{"line":33,"column":36},"end":{"line":34,"column":null}},"type":"cond-expr","locations":[{"start":{"line":34,"column":40},"end":{"line":34,"column":null}},{"start":{"line":34,"column":40},"end":{"line":34,"column":null}}]},"41":{"loc":{"start":{"line":33,"column":36},"end":{"line":34,"column":40}},"type":"binary-expr","locations":[{"start":{"line":33,"column":36},"end":{"line":34,"column":null}},{"start":{"line":34,"column":27},"end":{"line":34,"column":40}}]},"42":{"loc":{"start":{"line":34,"column":40},"end":{"line":35,"column":null}},"type":"cond-expr","locations":[{"start":{"line":35,"column":42},"end":{"line":35,"column":null}},{"start":{"line":35,"column":42},"end":{"line":35,"column":null}}]},"43":{"loc":{"start":{"line":34,"column":40},"end":{"line":35,"column":42}},"type":"binary-expr","locations":[{"start":{"line":34,"column":40},"end":{"line":35,"column":null}},{"start":{"line":35,"column":28},"end":{"line":35,"column":42}}]},"44":{"loc":{"start":{"line":35,"column":42},"end":{"line":36,"column":null}},"type":"cond-expr","locations":[{"start":{"line":36,"column":47},"end":{"line":36,"column":null}},{"start":{"line":36,"column":47},"end":{"line":36,"column":null}}]},"45":{"loc":{"start":{"line":35,"column":42},"end":{"line":36,"column":47}},"type":"binary-expr","locations":[{"start":{"line":35,"column":42},"end":{"line":36,"column":null}},{"start":{"line":36,"column":27},"end":{"line":36,"column":47}}]},"46":{"loc":{"start":{"line":36,"column":47},"end":{"line":37,"column":null}},"type":"cond-expr","locations":[{"start":{"line":37,"column":58},"end":{"line":37,"column":null}},{"start":{"line":37,"column":58},"end":{"line":37,"column":null}}]},"47":{"loc":{"start":{"line":36,"column":47},"end":{"line":37,"column":58}},"type":"binary-expr","locations":[{"start":{"line":36,"column":47},"end":{"line":37,"column":null}},{"start":{"line":37,"column":34},"end":{"line":37,"column":58}}]},"48":{"loc":{"start":{"line":37,"column":58},"end":{"line":38,"column":null}},"type":"cond-expr","locations":[{"start":{"line":38,"column":62},"end":{"line":38,"column":null}},{"start":{"line":38,"column":62},"end":{"line":38,"column":null}}]},"49":{"loc":{"start":{"line":37,"column":58},"end":{"line":38,"column":62}},"type":"binary-expr","locations":[{"start":{"line":37,"column":58},"end":{"line":38,"column":null}},{"start":{"line":38,"column":30},"end":{"line":38,"column":62}}]}},"s":{"0":1,"1":1,"2":1,"3":1,"4":1,"5":1,"6":1,"7":1,"8":1,"9":1,"10":1,"11":1,"12":1,"13":19,"14":19,"15":19,"16":19,"17":19,"18":19,"19":1,"20":1,"21":1,"22":7,"23":7,"24":7,"25":4,"26":4,"27":1,"28":3,"29":2,"30":1,"31":3,"32":4,"33":4,"34":4,"35":1,"36":1,"37":2,"38":2,"39":1,"40":1,"41":1,"42":1,"43":2,"44":2,"45":1,"46":1,"47":1,"48":1,"49":0,"50":0,"51":1,"52":1,"53":1,"54":1,"55":1,"56":1,"57":3,"58":3,"59":1,"60":2,"61":2,"62":2,"63":3,"64":3,"65":1,"66":2,"67":5,"68":5,"69":5,"70":5,"71":5,"72":1,"73":4,"74":5,"75":4,"76":1,"77":6,"78":4,"79":1,"80":3,"81":3,"82":4,"83":1,"84":1,"85":1,"86":1,"87":1,"88":1,"89":1,"90":1,"91":1,"92":1,"93":1},"f":{"0":19,"1":1,"2":7,"3":1,"4":2,"5":1,"6":2,"7":0,"8":0,"9":1,"10":1,"11":3,"12":3,"13":5,"14":5,"15":6,"16":4,"17":4},"b":{"0":[7,0],"1":[4,3],"2":[1,3],"3":[1,1],"4":[1,1],"5":[1,1],"6":[2,1],"7":[1,0],"8":[0,0,0],"9":[0,0],"10":[1,2],"11":[1,4],"12":[4,1],"13":[6,5],"14":[1,3],"15":[3,1],"16":[1,0],"17":[1,1],"18":[1,0],"19":[1,1],"20":[0,1],"21":[1,0],"22":[1,0],"23":[1,1],"24":[1,0],"25":[1,1],"26":[1,0],"27":[1,1],"28":[1,0],"29":[1,1],"30":[1,0],"31":[1,1],"32":[1,0],"33":[1,1],"34":[1,0],"35":[1,1],"36":[1,0],"37":[1,1],"38":[1,0],"39":[1,1],"40":[1,0],"41":[1,1],"42":[1,0],"43":[1,1],"44":[1,0],"45":[1,1],"46":[1,0],"47":[1,1],"48":[1,0],"49":[1,1]}}
,"C:\\Users\\daavi\\OneDrive\\Escritorio\\ARSW\\PROYECTO\\peerly-user-management\\src\\contexts\\user\\infrastructure\\adapters\\in\\http\\mapper\\interest-dto.mapper.ts": {"path":"C:\\Users\\daavi\\OneDrive\\Escritorio\\ARSW\\PROYECTO\\peerly-user-management\\src\\contexts\\user\\infrastructure\\adapters\\in\\http\\mapper\\interest-dto.mapper.ts","statementMap":{"0":{"start":{"line":3,"column":0},"end":{"line":3,"column":74}},"1":{"start":{"line":7,"column":4},"end":{"line":11,"column":7}},"2":{"start":{"line":15,"column":4},"end":{"line":19,"column":6}},"3":{"start":{"line":23,"column":4},"end":{"line":23,"column":66}},"4":{"start":{"line":23,"column":39},"end":{"line":23,"column":64}},"5":{"start":{"line":5,"column":0},"end":{"line":5,"column":13}}},"fnMap":{"0":{"name":"(anonymous_0)","decl":{"start":{"line":6,"column":2},"end":{"line":6,"column":10}},"loc":{"start":{"line":6,"column":46},"end":{"line":12,"column":3}}},"1":{"name":"(anonymous_1)","decl":{"start":{"line":14,"column":2},"end":{"line":14,"column":12}},"loc":{"start":{"line":14,"column":31},"end":{"line":20,"column":3}}},"2":{"name":"(anonymous_2)","decl":{"start":{"line":22,"column":2},"end":{"line":22,"column":16}},"loc":{"start":{"line":22,"column":38},"end":{"line":24,"column":3}}},"3":{"name":"(anonymous_3)","decl":{"start":{"line":23,"column":25},"end":{"line":23,"column":26}},"loc":{"start":{"line":23,"column":39},"end":{"line":23,"column":64}}}},"branchMap":{},"s":{"0":0,"1":0,"2":0,"3":0,"4":0,"5":0},"f":{"0":0,"1":0,"2":0,"3":0},"b":{}}
,"C:\\Users\\daavi\\OneDrive\\Escritorio\\ARSW\\PROYECTO\\peerly-user-management\\src\\contexts\\user\\infrastructure\\adapters\\in\\http\\mapper\\user-dto.mapper.ts": {"path":"C:\\Users\\daavi\\OneDrive\\Escritorio\\ARSW\\PROYECTO\\peerly-user-management\\src\\contexts\\user\\infrastructure\\adapters\\in\\http\\mapper\\user-dto.mapper.ts","statementMap":{"0":{"start":{"line":1,"column":0},"end":{"line":1,"column":66}},"1":{"start":{"line":4,"column":0},"end":{"line":4,"column":74}},"2":{"start":{"line":5,"column":0},"end":{"line":5,"column":92}},"3":{"start":{"line":6,"column":0},"end":{"line":6,"column":69}},"4":{"start":{"line":7,"column":0},"end":{"line":7,"column":80}},"5":{"start":{"line":11,"column":4},"end":{"line":31,"column":7}},"6":{"start":{"line":35,"column":4},"end":{"line":54,"column":6}},"7":{"start":{"line":58,"column":4},"end":{"line":58,"column":54}},"8":{"start":{"line":58,"column":31},"end":{"line":58,"column":52}},"9":{"start":{"line":62,"column":4},"end":{"line":62,"column":45}},"10":{"start":{"line":62,"column":35},"end":{"line":62,"column":45}},"11":{"start":{"line":64,"column":4},"end":{"line":77,"column":52}},"12":{"start":{"line":65,"column":24},"end":{"line":65,"column":51}},"13":{"start":{"line":67,"column":8},"end":{"line":69,"column":9}},"14":{"start":{"line":68,"column":10},"end":{"line":68,"column":80}},"15":{"start":{"line":70,"column":20},"end":{"line":70,"column":79}},"16":{"start":{"line":71,"column":8},"end":{"line":75,"column":11}},"17":{"start":{"line":77,"column":28},"end":{"line":77,"column":50}},"18":{"start":{"line":81,"column":4},"end":{"line":81,"column":44}},"19":{"start":{"line":81,"column":34},"end":{"line":81,"column":44}},"20":{"start":{"line":83,"column":4},"end":{"line":98,"column":9}},"21":{"start":{"line":84,"column":24},"end":{"line":84,"column":36}},"22":{"start":{"line":86,"column":20},"end":{"line":86,"column":null}},"23":{"start":{"line":92,"column":8},"end":{"line":97,"column":11}},"24":{"start":{"line":9,"column":0},"end":{"line":9,"column":13}}},"fnMap":{"0":{"name":"(anonymous_0)","decl":{"start":{"line":10,"column":2},"end":{"line":10,"column":10}},"loc":{"start":{"line":10,"column":38},"end":{"line":32,"column":3}}},"1":{"name":"(anonymous_1)","decl":{"start":{"line":34,"column":2},"end":{"line":34,"column":12}},"loc":{"start":{"line":34,"column":23},"end":{"line":55,"column":3}}},"2":{"name":"(anonymous_2)","decl":{"start":{"line":57,"column":2},"end":{"line":57,"column":16}},"loc":{"start":{"line":57,"column":30},"end":{"line":59,"column":3}}},"3":{"name":"(anonymous_3)","decl":{"start":{"line":58,"column":21},"end":{"line":58,"column":22}},"loc":{"start":{"line":58,"column":31},"end":{"line":58,"column":52}}},"4":{"name":"(anonymous_4)","decl":{"start":{"line":61,"column":10},"end":{"line":61,"column":30}},"loc":{"start":{"line":61,"column":49},"end":{"line":78,"column":3}}},"5":{"name":"(anonymous_5)","decl":{"start":{"line":65,"column":14},"end":{"line":65,"column":15}},"loc":{"start":{"line":65,"column":24},"end":{"line":65,"column":51}}},"6":{"name":"(anonymous_6)","decl":{"start":{"line":66,"column":11},"end":{"line":66,"column":12}},"loc":{"start":{"line":66,"column":20},"end":{"line":76,"column":7}}},"7":{"name":"(anonymous_7)","decl":{"start":{"line":77,"column":14},"end":{"line":77,"column":15}},"loc":{"start":{"line":77,"column":28},"end":{"line":77,"column":50}}},"8":{"name":"(anonymous_8)","decl":{"start":{"line":80,"column":10},"end":{"line":80,"column":29}},"loc":{"start":{"line":80,"column":47},"end":{"line":99,"column":3}}},"9":{"name":"(anonymous_9)","decl":{"start":{"line":84,"column":14},"end":{"line":84,"column":15}},"loc":{"start":{"line":84,"column":24},"end":{"line":84,"column":36}}},"10":{"name":"(anonymous_10)","decl":{"start":{"line":85,"column":11},"end":{"line":85,"column":12}},"loc":{"start":{"line":85,"column":18},"end":{"line":98,"column":7}}}},"branchMap":{"0":{"loc":{"start":{"line":12,"column":10},"end":{"line":12,"column":30}},"type":"binary-expr","locations":[{"start":{"line":12,"column":10},"end":{"line":12,"column":24}},{"start":{"line":12,"column":28},"end":{"line":12,"column":30}}]},"1":{"loc":{"start":{"line":62,"column":4},"end":{"line":62,"column":45}},"type":"if","locations":[{"start":{"line":62,"column":4},"end":{"line":62,"column":45}},{"start":{},"end":{}}]},"2":{"loc":{"start":{"line":65,"column":24},"end":{"line":65,"column":51}},"type":"binary-expr","locations":[{"start":{"line":65,"column":24},"end":{"line":65,"column":36}},{"start":{"line":65,"column":40},"end":{"line":65,"column":51}}]},"3":{"loc":{"start":{"line":67,"column":8},"end":{"line":69,"column":9}},"type":"if","locations":[{"start":{"line":67,"column":8},"end":{"line":69,"column":9}},{"start":{},"end":{}}]},"4":{"loc":{"start":{"line":72,"column":14},"end":{"line":72,"column":26}},"type":"binary-expr","locations":[{"start":{"line":72,"column":14},"end":{"line":72,"column":20}},{"start":{"line":72,"column":24},"end":{"line":72,"column":26}}]},"5":{"loc":{"start":{"line":73,"column":16},"end":{"line":73,"column":30}},"type":"binary-expr","locations":[{"start":{"line":73,"column":16},"end":{"line":73,"column":24}},{"start":{"line":73,"column":28},"end":{"line":73,"column":30}}]},"6":{"loc":{"start":{"line":74,"column":20},"end":{"line":74,"column":50}},"type":"binary-expr","locations":[{"start":{"line":74,"column":20},"end":{"line":74,"column":32}},{"start":{"line":74,"column":36},"end":{"line":74,"column":50}}]},"7":{"loc":{"start":{"line":81,"column":4},"end":{"line":81,"column":44}},"type":"if","locations":[{"start":{"line":81,"column":4},"end":{"line":81,"column":44}},{"start":{},"end":{}}]},"8":{"loc":{"start":{"line":93,"column":14},"end":{"line":93,"column":26}},"type":"binary-expr","locations":[{"start":{"line":93,"column":14},"end":{"line":93,"column":20}},{"start":{"line":93,"column":24},"end":{"line":93,"column":26}}]},"9":{"loc":{"start":{"line":94,"column":29},"end":{"line":94,"column":46}},"type":"binary-expr","locations":[{"start":{"line":94,"column":29},"end":{"line":94,"column":41}},{"start":{"line":94,"column":45},"end":{"line":94,"column":46}}]},"10":{"loc":{"start":{"line":95,"column":27},"end":{"line":95,"column":42}},"type":"binary-expr","locations":[{"start":{"line":95,"column":27},"end":{"line":95,"column":37}},{"start":{"line":95,"column":41},"end":{"line":95,"column":42}}]},"11":{"loc":{"start":{"line":96,"column":25},"end":{"line":96,"column":81}},"type":"binary-expr","locations":[{"start":{"line":96,"column":25},"end":{"line":96,"column":58}},{"start":{"line":96,"column":62},"end":{"line":96,"column":81}}]}},"s":{"0":1,"1":1,"2":1,"3":1,"4":1,"5":0,"6":0,"7":0,"8":0,"9":0,"10":0,"11":0,"12":0,"13":0,"14":0,"15":0,"16":0,"17":0,"18":0,"19":0,"20":0,"21":0,"22":0,"23":0,"24":1},"f":{"0":0,"1":0,"2":0,"3":0,"4":0,"5":0,"6":0,"7":0,"8":0,"9":0,"10":0},"b":{"0":[0,0],"1":[0,0],"2":[0,0],"3":[0,0],"4":[0,0],"5":[0,0],"6":[0,0],"7":[0,0],"8":[0,0],"9":[0,0],"10":[0,0],"11":[0,0]}}
}
