TN:
SF:src\contexts\user\application\service\interest.service.ts
FN:11,(anonymous_4)
FN:24,(anonymous_5)
FN:28,(anonymous_6)
FN:32,(anonymous_7)
FN:37,(anonymous_8)
FN:41,(anonymous_9)
FNF:6
FNH:6
FNDA:6,(anonymous_4)
FNDA:1,(anonymous_5)
FNDA:1,(anonymous_6)
FNDA:1,(anonymous_7)
FNDA:1,(anonymous_8)
FNDA:2,(anonymous_9)
DA:7,1
DA:10,1
DA:13,6
DA:15,6
DA:17,6
DA:19,6
DA:21,6
DA:25,1
DA:29,1
DA:33,1
DA:34,1
DA:38,1
DA:42,2
LF:13
LH:13
BRF:0
BRH:0
end_of_record
TN:
SF:src\contexts\user\application\service\user.service.ts
FN:12,(anonymous_4)
FN:27,(anonymous_5)
FN:32,(anonymous_6)
FN:37,(anonymous_7)
FN:42,(anonymous_8)
FN:46,(anonymous_9)
FN:50,(anonymous_10)
FNF:7
FNH:7
FNDA:7,(anonymous_4)
FNDA:2,(anonymous_5)
FNDA:1,(anonymous_6)
FNDA:1,(anonymous_7)
FNDA:1,(anonymous_8)
FNDA:1,(anonymous_9)
FNDA:1,(anonymous_10)
DA:8,2
DA:11,2
DA:14,7
DA:16,7
DA:18,7
DA:20,7
DA:22,7
DA:24,7
DA:28,2
DA:29,1
DA:33,1
DA:34,1
DA:38,1
DA:39,1
DA:43,1
DA:47,1
DA:51,1
LF:17
LH:17
BRF:0
BRH:0
end_of_record
TN:
SF:src\contexts\user\application\use-cases\interest\create-interest-use-case.impl.ts
FN:8,(anonymous_4)
FN:13,(anonymous_5)
FNF:2
FNH:2
FNDA:1,(anonymous_4)
FNDA:1,(anonymous_5)
DA:4,1
DA:7,1
DA:10,1
DA:14,1
LF:4
LH:4
BRF:0
BRH:0
end_of_record
TN:
SF:src\contexts\user\application\use-cases\interest\delete-interest-use-case.impl.ts
FN:7,(anonymous_4)
FN:12,(anonymous_5)
FNF:2
FNH:2
FNDA:1,(anonymous_4)
FNDA:1,(anonymous_5)
DA:3,1
DA:6,1
DA:9,1
DA:13,1
DA:14,1
LF:5
LH:5
BRF:0
BRH:0
end_of_record
TN:
SF:src\contexts\user\application\use-cases\interest\get-all-interests-use-case.impl.ts
FN:8,(anonymous_4)
FN:13,(anonymous_5)
FNF:2
FNH:2
FNDA:2,(anonymous_4)
FNDA:2,(anonymous_5)
DA:4,1
DA:7,1
DA:10,2
DA:14,2
LF:4
LH:4
BRF:0
BRH:0
end_of_record
TN:
SF:src\contexts\user\application\use-cases\interest\get-interest-use-case.impl.ts
FN:9,(anonymous_4)
FN:14,(anonymous_5)
FNF:2
FNH:2
FNDA:2,(anonymous_4)
FNDA:2,(anonymous_5)
DA:5,1
DA:8,1
DA:11,2
DA:15,2
LF:4
LH:4
BRF:0
BRH:0
end_of_record
TN:
SF:src\contexts\user\application\use-cases\interest\update-interest-use-case.impl.ts
FN:8,(anonymous_4)
FN:13,(anonymous_5)
FNF:2
FNH:2
FNDA:1,(anonymous_4)
FNDA:1,(anonymous_5)
DA:4,1
DA:7,1
DA:10,1
DA:14,1
LF:4
LH:4
BRF:0
BRH:0
end_of_record
TN:
SF:src\contexts\user\application\use-cases\user\create-user-use-case.impl.ts
FN:8,(anonymous_4)
FN:12,(anonymous_5)
FNF:2
FNH:2
FNDA:1,(anonymous_4)
FNDA:1,(anonymous_5)
DA:4,1
DA:7,1
DA:10,1
DA:13,1
LF:4
LH:4
BRF:0
BRH:0
end_of_record
TN:
SF:src\contexts\user\application\use-cases\user\delete-user-use-case.impl.ts
FN:7,(anonymous_4)
FN:11,(anonymous_5)
FNF:2
FNH:2
FNDA:1,(anonymous_4)
FNDA:1,(anonymous_5)
DA:3,1
DA:6,1
DA:9,1
DA:12,1
DA:13,1
LF:5
LH:5
BRF:0
BRH:0
end_of_record
TN:
SF:src\contexts\user\application\use-cases\user\discover-users-use-case.impl.ts
FN:29,(anonymous_4)
FN:35,(anonymous_5)
FN:50,(anonymous_6)
FN:51,(anonymous_7)
FN:58,(anonymous_8)
FN:62,(anonymous_9)
FN:67,(anonymous_10)
FN:71,(anonymous_11)
FN:76,(anonymous_12)
FN:78,(anonymous_13)
FN:83,(anonymous_14)
FN:109,(anonymous_15)
FN:110,(anonymous_16)
FN:111,(anonymous_17)
FN:114,(anonymous_18)
FN:120,(anonymous_19)
FN:146,(anonymous_20)
FN:148,(anonymous_21)
FN:152,(anonymous_22)
FN:160,(anonymous_23)
FN:164,(anonymous_24)
FN:169,(anonymous_25)
FN:175,(anonymous_26)
FN:182,(anonymous_27)
FN:193,(anonymous_28)
FN:198,(anonymous_29)
FNF:26
FNH:26
FNDA:8,(anonymous_4)
FNDA:4,(anonymous_5)
FNDA:3,(anonymous_6)
FNDA:3,(anonymous_7)
FNDA:3,(anonymous_8)
FNDA:1,(anonymous_9)
FNDA:12,(anonymous_10)
FNDA:5,(anonymous_11)
FNDA:2,(anonymous_12)
FNDA:5,(anonymous_13)
FNDA:12,(anonymous_14)
FNDA:12,(anonymous_15)
FNDA:24,(anonymous_16)
FNDA:17,(anonymous_17)
FNDA:24,(anonymous_18)
FNDA:12,(anonymous_19)
FNDA:12,(anonymous_20)
FNDA:12,(anonymous_21)
FNDA:12,(anonymous_22)
FNDA:3,(anonymous_23)
FNDA:1,(anonymous_24)
FNDA:1,(anonymous_25)
FNDA:12,(anonymous_26)
FNDA:12,(anonymous_27)
FNDA:46,(anonymous_28)
FNDA:24,(anonymous_29)
DA:1,2
DA:5,2
DA:18,2
DA:28,2
DA:31,8
DA:32,8
DA:37,4
DA:43,4
DA:45,4
DA:48,4
DA:50,3
DA:51,3
DA:55,4
DA:59,3
DA:62,1
DA:66,4
DA:67,12
DA:71,5
DA:76,4
DA:78,5
DA:89,12
DA:90,12
DA:91,12
DA:92,12
DA:93,12
DA:94,12
DA:97,12
DA:105,12
DA:110,24
DA:111,17
DA:112,12
DA:114,24
DA:115,12
DA:116,12
DA:121,12
DA:122,12
DA:123,12
DA:125,12
DA:126,12
DA:128,12
DA:129,12
DA:130,12
DA:131,12
DA:133,12
DA:134,12
DA:135,11
DA:136,11
DA:137,11
DA:138,11
DA:142,12
DA:147,12
DA:148,12
DA:157,12
DA:161,3
DA:164,1
DA:167,12
DA:169,1
DA:171,1
DA:176,12
DA:177,12
DA:178,12
DA:183,12
DA:184,12
DA:185,12
DA:186,12
DA:187,12
DA:188,12
DA:194,46
DA:195,46
DA:199,24
DA:200,24
DA:201,24
DA:202,24
DA:203,24
DA:204,24
DA:205,24
LF:76
LH:76
BRDA:45,0,0,4
BRDA:45,0,1,0
BRDA:50,1,0,3
BRDA:50,1,1,0
BRDA:51,2,0,3
BRDA:51,2,1,0
BRDA:59,3,0,3
BRDA:59,3,1,1
BRDA:59,3,2,0
BRDA:62,4,0,1
BRDA:62,4,1,0
BRDA:67,5,0,12
BRDA:67,5,1,8
BRDA:110,6,0,12
BRDA:110,6,1,0
BRDA:111,7,0,12
BRDA:111,7,1,0
BRDA:112,8,0,0
BRDA:112,8,1,12
BRDA:112,9,0,12
BRDA:112,9,1,0
BRDA:116,10,0,0
BRDA:116,10,1,12
BRDA:121,11,0,12
BRDA:121,11,1,0
BRDA:122,12,0,12
BRDA:122,12,1,0
BRDA:123,13,0,0
BRDA:123,13,1,12
BRDA:123,14,0,12
BRDA:123,14,1,12
BRDA:134,15,0,1
BRDA:134,15,1,11
BRDA:142,16,0,0
BRDA:142,16,1,12
BRDA:147,17,0,12
BRDA:147,17,1,0
BRDA:148,18,0,8
BRDA:148,18,1,4
BRDA:148,19,0,12
BRDA:148,19,1,0
BRDA:161,20,0,3
BRDA:161,20,1,2
BRDA:161,20,2,1
BRDA:164,21,0,1
BRDA:164,21,1,0
BRDA:167,22,0,11
BRDA:167,22,1,1
BRDA:167,23,0,12
BRDA:167,23,1,1
BRDA:177,24,0,12
BRDA:177,24,1,0
BRDA:177,25,0,12
BRDA:177,25,1,0
BRDA:186,26,0,0
BRDA:186,26,1,12
BRDA:186,27,0,12
BRDA:186,27,1,12
BRDA:199,28,0,0
BRDA:199,28,1,24
BRDA:204,29,0,24
BRDA:204,29,1,0
BRDA:204,30,0,24
BRDA:204,30,1,0
BRDA:204,30,2,0
BRDA:32,31,0,2
BRDA:32,31,1,0
BRDA:32,32,0,2
BRDA:32,32,1,2
BRF:69
BRH:44
end_of_record
TN:
SF:src\contexts\user\application\use-cases\user\get-all-users-use-case.impl.ts
FN:8,(anonymous_4)
FN:12,(anonymous_5)
FNF:2
FNH:2
FNDA:2,(anonymous_4)
FNDA:2,(anonymous_5)
DA:4,1
DA:7,1
DA:10,2
DA:13,2
LF:4
LH:4
BRF:0
BRH:0
end_of_record
TN:
SF:src\contexts\user\application\use-cases\user\get-user-use-case.impl.ts
FN:8,(anonymous_4)
FN:12,(anonymous_5)
FNF:2
FNH:2
FNDA:2,(anonymous_4)
FNDA:2,(anonymous_5)
DA:4,1
DA:7,1
DA:10,2
DA:13,2
LF:4
LH:4
BRF:0
BRH:0
end_of_record
TN:
SF:src\contexts\user\application\use-cases\user\update-user-use-case.impl.ts
FN:8,(anonymous_4)
FN:12,(anonymous_5)
FNF:2
FNH:2
FNDA:1,(anonymous_4)
FNDA:1,(anonymous_5)
DA:4,1
DA:7,1
DA:10,1
DA:13,1
LF:4
LH:4
BRF:0
BRH:0
end_of_record
TN:
SF:src\contexts\user\infrastructure\adapters\in\http\controllers\user.controller.ts
FN:32,(anonymous_4)
FN:42,(anonymous_5)
FN:55,(anonymous_6)
FN:85,(anonymous_7)
FN:91,(anonymous_8)
FN:101,(anonymous_9)
FN:107,(anonymous_10)
FN:124,(anonymous_11)
FN:125,(anonymous_12)
FN:133,(anonymous_13)
FN:139,(anonymous_14)
FN:145,(anonymous_15)
FN:156,(anonymous_16)
FN:166,(anonymous_17)
FN:182,(anonymous_18)
FN:186,(anonymous_19)
FN:187,(anonymous_20)
FN:192,(anonymous_21)
FNF:18
FNH:11
FNDA:10,(anonymous_4)
FNDA:1,(anonymous_5)
FNDA:1,(anonymous_6)
FNDA:1,(anonymous_7)
FNDA:2,(anonymous_8)
FNDA:1,(anonymous_9)
FNDA:2,(anonymous_10)
FNDA:0,(anonymous_11)
FNDA:0,(anonymous_12)
FNDA:1,(anonymous_13)
FNDA:1,(anonymous_14)
FNDA:0,(anonymous_15)
FNDA:0,(anonymous_16)
FNDA:1,(anonymous_17)
FNDA:1,(anonymous_18)
FNDA:0,(anonymous_19)
FNDA:0,(anonymous_20)
FNDA:0,(anonymous_21)
DA:1,1
DA:16,1
DA:17,1
DA:18,1
DA:20,1
DA:21,1
DA:23,1
DA:24,1
DA:25,1
DA:26,1
DA:27,1
DA:28,1
DA:31,1
DA:33,10
DA:34,10
DA:35,10
DA:36,10
DA:37,10
DA:38,10
DA:42,1
DA:43,1
DA:44,1
DA:45,1
DA:55,1
DA:61,1
DA:62,1
DA:66,1
DA:67,0
DA:68,0
DA:69,0
DA:71,0
DA:72,0
DA:73,0
DA:76,1
DA:79,1
DA:80,1
DA:81,1
DA:85,1
DA:86,1
DA:87,1
DA:91,1
DA:92,2
DA:93,2
DA:94,1
DA:97,1
DA:101,1
DA:102,1
DA:103,1
DA:107,1
DA:111,2
DA:116,2
DA:118,1
DA:120,1
DA:122,1
DA:124,0
DA:125,0
DA:128,1
DA:129,1
DA:133,1
DA:134,1
DA:135,1
DA:139,1
DA:140,1
DA:141,1
DA:145,1
DA:149,0
DA:150,0
DA:151,0
DA:152,0
DA:153,0
DA:158,0
DA:159,0
DA:161,0
DA:163,0
DA:167,1
DA:172,1
DA:173,1
DA:175,1
DA:176,1
DA:177,0
DA:179,1
DA:183,1
DA:185,0
DA:186,0
DA:188,0
DA:189,0
DA:190,0
DA:192,0
LF:88
LH:64
BRDA:61,0,0,1
BRDA:61,0,1,0
BRDA:66,1,0,0
BRDA:66,1,1,1
BRDA:68,2,0,0
BRDA:68,2,1,0
BRDA:72,3,0,0
BRDA:72,3,1,0
BRDA:93,4,0,1
BRDA:93,4,1,1
BRDA:116,5,0,1
BRDA:116,5,1,1
BRDA:116,6,0,2
BRDA:116,6,1,1
BRDA:120,7,0,1
BRDA:120,7,1,0
BRDA:124,8,0,0
BRDA:124,8,1,0
BRDA:124,8,2,0
BRDA:125,9,0,0
BRDA:125,9,1,0
BRDA:150,10,0,0
BRDA:150,10,1,0
BRDA:176,11,0,0
BRDA:176,11,1,1
BRDA:183,12,0,1
BRDA:183,12,1,0
BRDA:186,13,0,0
BRDA:186,13,1,0
BRDA:188,14,0,0
BRDA:188,14,1,0
BRDA:190,15,0,0
BRDA:190,15,1,0
BRDA:42,16,0,1
BRDA:42,16,1,0
BRDA:42,17,0,1
BRDA:42,17,1,1
BRDA:42,18,0,1
BRDA:42,18,1,0
BRDA:42,19,0,1
BRDA:42,19,1,1
BRDA:59,20,0,0
BRDA:59,20,1,1
BRDA:59,21,0,1
BRDA:59,21,1,0
BRDA:60,22,0,1
BRDA:60,22,1,0
BRDA:60,23,0,1
BRDA:60,23,1,1
BRDA:85,24,0,1
BRDA:85,24,1,0
BRDA:85,25,0,1
BRDA:85,25,1,1
BRDA:91,26,0,1
BRDA:91,26,1,0
BRDA:91,27,0,1
BRDA:91,27,1,1
BRDA:101,28,0,1
BRDA:101,28,1,0
BRDA:101,29,0,1
BRDA:101,29,1,1
BRDA:110,30,0,1
BRDA:110,30,1,0
BRDA:110,31,0,1
BRDA:110,31,1,1
BRDA:133,32,0,1
BRDA:133,32,1,0
BRDA:133,33,0,1
BRDA:133,33,1,1
BRDA:139,34,0,1
BRDA:139,34,1,0
BRDA:139,35,0,1
BRDA:139,35,1,1
BRDA:148,36,0,1
BRDA:148,36,1,0
BRDA:148,37,0,1
BRDA:148,37,1,1
BRDA:33,38,0,1
BRDA:33,38,1,0
BRDA:33,39,0,1
BRDA:33,39,1,1
BRDA:33,40,0,1
BRDA:33,40,1,0
BRDA:33,41,0,1
BRDA:33,41,1,1
BRDA:34,42,0,1
BRDA:34,42,1,0
BRDA:34,43,0,1
BRDA:34,43,1,1
BRDA:35,44,0,1
BRDA:35,44,1,0
BRDA:35,45,0,1
BRDA:35,45,1,1
BRDA:36,46,0,1
BRDA:36,46,1,0
BRDA:36,47,0,1
BRDA:36,47,1,1
BRDA:37,48,0,1
BRDA:37,48,1,0
BRDA:37,49,0,1
BRDA:37,49,1,1
BRF:101
BRH:61
end_of_record
TN:
SF:src\contexts\user\infrastructure\adapters\in\http\mapper\interest-dto.mapper.ts
FN:6,(anonymous_0)
FN:14,(anonymous_1)
FN:22,(anonymous_2)
FN:23,(anonymous_3)
FNF:4
FNH:0
FNDA:0,(anonymous_0)
FNDA:0,(anonymous_1)
FNDA:0,(anonymous_2)
FNDA:0,(anonymous_3)
DA:3,0
DA:5,0
DA:7,0
DA:15,0
DA:23,0
LF:5
LH:0
BRF:0
BRH:0
end_of_record
TN:
SF:src\contexts\user\infrastructure\adapters\in\http\mapper\user-dto.mapper.ts
FN:10,(anonymous_0)
FN:34,(anonymous_1)
FN:57,(anonymous_2)
FN:58,(anonymous_3)
FN:61,(anonymous_4)
FN:65,(anonymous_5)
FN:66,(anonymous_6)
FN:77,(anonymous_7)
FN:80,(anonymous_8)
FN:84,(anonymous_9)
FN:85,(anonymous_10)
FNF:11
FNH:0
FNDA:0,(anonymous_0)
FNDA:0,(anonymous_1)
FNDA:0,(anonymous_2)
FNDA:0,(anonymous_3)
FNDA:0,(anonymous_4)
FNDA:0,(anonymous_5)
FNDA:0,(anonymous_6)
FNDA:0,(anonymous_7)
FNDA:0,(anonymous_8)
FNDA:0,(anonymous_9)
FNDA:0,(anonymous_10)
DA:1,1
DA:4,1
DA:5,1
DA:6,1
DA:7,1
DA:9,1
DA:11,0
DA:35,0
DA:58,0
DA:62,0
DA:64,0
DA:65,0
DA:67,0
DA:68,0
DA:70,0
DA:71,0
DA:77,0
DA:81,0
DA:83,0
DA:84,0
DA:86,0
DA:92,0
LF:22
LH:6
BRDA:12,0,0,0
BRDA:12,0,1,0
BRDA:62,1,0,0
BRDA:62,1,1,0
BRDA:65,2,0,0
BRDA:65,2,1,0
BRDA:67,3,0,0
BRDA:67,3,1,0
BRDA:72,4,0,0
BRDA:72,4,1,0
BRDA:73,5,0,0
BRDA:73,5,1,0
BRDA:74,6,0,0
BRDA:74,6,1,0
BRDA:81,7,0,0
BRDA:81,7,1,0
BRDA:93,8,0,0
BRDA:93,8,1,0
BRDA:94,9,0,0
BRDA:94,9,1,0
BRDA:95,10,0,0
BRDA:95,10,1,0
BRDA:96,11,0,0
BRDA:96,11,1,0
BRF:24
BRH:0
end_of_record
